SF:lib\entities\conversation_entity.dart
DA:7,4
DA:15,4
DA:18,10
DA:19,8
DA:20,14
DA:23,4
DA:24,8
DA:25,8
DA:28,4
DA:29,8
DA:31,2
DA:32,4
DA:36,4
DA:37,20
DA:40,4
DA:41,16
DA:44,20
DA:47,24
DA:50,4
DA:51,4
DA:52,4
DA:54,4
DA:58,4
DA:59,16
DA:60,4
DA:62,10
DA:65,8
LF:27
LH:27
end_of_record
SF:lib\entities\message_entity.dart
DA:8,2
LF:1
LH:1
end_of_record
SF:lib\entities\profile_entity.dart
DA:22,6
DA:26,6
DA:27,6
DA:29,12
DA:31,10
DA:32,20
DA:33,8
DA:35,6
DA:37,18
DA:38,18
DA:41,4
DA:43,4
DA:44,4
DA:46,8
DA:47,8
DA:50,0
DA:51,0
DA:52,0
DA:53,0
DA:55,0
DA:56,0
DA:58,0
DA:60,0
DA:68,4
DA:71,4
DA:74,4
DA:75,4
DA:76,4
DA:77,4
DA:79,4
DA:82,4
DA:83,8
DA:84,4
DA:85,4
DA:91,4
DA:92,4
DA:93,4
DA:95,4
DA:98,4
DA:99,8
DA:100,4
DA:101,4
DA:107,4
DA:108,4
DA:109,4
DA:111,4
DA:114,4
DA:115,4
DA:116,4
DA:117,4
DA:123,4
DA:124,4
DA:125,4
DA:127,4
DA:130,4
DA:131,4
DA:132,4
DA:133,4
DA:142,4
DA:145,4
DA:146,4
DA:147,4
DA:148,4
DA:150,4
DA:153,4
DA:154,8
DA:155,4
DA:156,4
DA:162,4
DA:163,4
DA:164,4
DA:165,4
DA:167,4
DA:170,4
DA:171,8
DA:172,4
DA:173,4
DA:179,4
DA:180,4
DA:181,4
DA:182,4
DA:184,4
DA:187,4
DA:188,4
DA:189,8
DA:190,4
DA:191,4
DA:198,4
DA:199,4
DA:200,4
DA:201,4
DA:203,4
DA:206,4
DA:207,4
DA:208,12
DA:209,4
DA:210,4
DA:222,4
LF:98
LH:90
end_of_record
SF:lib\entities\profile_search_entity.dart
DA:14,6
DA:16,6
DA:17,12
DA:18,12
DA:19,12
DA:20,12
DA:21,6
DA:22,6
DA:23,6
DA:26,2
DA:27,2
DA:28,4
DA:29,4
DA:30,4
DA:31,4
DA:32,4
DA:33,4
DA:34,4
DA:39,2
DA:40,2
DA:41,6
DA:42,4
DA:43,2
DA:44,6
DA:45,6
DA:50,2
DA:57,2
DA:59,4
DA:61,2
DA:62,4
DA:63,6
DA:64,4
DA:67,2
DA:69,2
DA:70,2
DA:71,4
DA:72,4
DA:76,0
DA:80,2
DA:82,2
DA:83,4
DA:84,2
DA:85,2
DA:86,2
DA:87,2
DA:89,2
DA:94,4
DA:95,2
DA:96,2
DA:98,2
DA:100,2
DA:112,4
LF:52
LH:51
end_of_record
SF:lib\main.dart
DA:12,12
DA:14,6
DA:16,2
DA:17,2
DA:19,2
DA:23,4
DA:24,4
DA:25,2
DA:29,6
DA:31,2
DA:32,2
DA:38,2
DA:40,6
DA:41,4
DA:42,2
DA:49,6
DA:50,2
DA:53,2
DA:54,4
DA:57,0
DA:58,0
DA:59,0
DA:63,2
DA:65,4
DA:67,0
DA:69,0
DA:73,2
DA:76,2
DA:77,2
DA:78,4
DA:79,4
DA:80,4
DA:81,2
LF:33
LH:28
end_of_record
SF:lib\screens\messages\message_screen.dart
DA:15,2
DA:16,2
DA:18,8
DA:24,2
DA:26,4
DA:27,0
DA:28,0
DA:29,0
DA:30,0
DA:31,0
DA:32,0
DA:34,0
DA:35,0
DA:36,0
DA:38,0
DA:39,0
DA:40,0
DA:41,0
DA:44,0
DA:46,0
DA:47,0
DA:51,0
DA:52,0
DA:53,0
DA:55,0
DA:56,0
DA:57,0
DA:58,0
DA:61,0
DA:63,0
DA:64,0
DA:70,2
DA:72,2
DA:73,2
DA:75,2
DA:76,2
DA:77,2
DA:78,2
DA:80,6
DA:86,2
DA:88,2
DA:89,2
DA:90,2
DA:91,2
DA:92,2
DA:95,6
DA:107,2
DA:108,2
DA:109,4
DA:111,2
DA:116,2
DA:118,2
DA:119,2
DA:122,0
DA:123,0
DA:124,0
DA:125,0
DA:126,0
DA:127,0
DA:128,0
DA:129,0
DA:130,0
DA:131,0
DA:132,0
DA:134,0
DA:135,0
DA:136,0
DA:139,0
DA:140,0
DA:141,0
DA:146,2
DA:148,2
DA:150,2
DA:152,2
DA:153,2
DA:154,6
DA:156,2
DA:157,2
DA:159,2
DA:161,2
DA:162,2
DA:163,2
DA:169,2
DA:170,2
DA:171,6
DA:172,2
DA:173,6
DA:178,2
DA:180,2
DA:181,8
DA:188,2
DA:190,2
DA:191,2
DA:192,6
DA:194,2
DA:195,2
DA:197,2
DA:199,2
DA:200,2
DA:201,2
DA:207,2
DA:208,2
DA:209,6
DA:210,2
DA:211,6
DA:216,2
DA:218,2
DA:219,8
DA:227,2
DA:228,2
DA:229,2
DA:231,0
DA:232,0
DA:233,0
DA:235,0
DA:236,0
DA:237,0
DA:239,0
DA:240,0
DA:242,0
DA:243,0
DA:244,0
DA:248,2
DA:250,2
DA:251,2
DA:252,6
DA:254,2
DA:255,2
DA:257,2
DA:259,2
DA:260,2
DA:261,2
DA:267,2
DA:268,2
DA:269,8
DA:270,6
DA:275,2
DA:277,2
DA:278,8
LF:139
LH:85
end_of_record
SF:lib\screens\messages\single_conversation_screen.dart
DA:21,2
DA:24,2
DA:26,2
DA:33,2
DA:34,2
DA:35,4
DA:36,2
DA:40,2
DA:42,2
DA:43,2
DA:46,0
DA:47,0
DA:48,0
DA:49,0
DA:50,0
DA:55,2
DA:57,2
DA:58,2
DA:59,4
DA:62,2
DA:63,0
DA:65,0
DA:66,0
DA:68,2
DA:69,2
DA:70,4
DA:71,2
DA:72,2
DA:73,2
DA:74,2
DA:76,6
DA:80,0
DA:82,2
DA:85,8
DA:86,6
DA:87,2
DA:88,2
DA:89,6
DA:90,2
DA:91,6
DA:99,2
DA:100,2
DA:101,4
DA:102,2
DA:104,6
DA:108,0
DA:110,0
DA:112,0
DA:113,0
DA:116,0
DA:118,0
DA:120,0
DA:121,0
DA:122,0
DA:123,0
DA:124,0
DA:125,0
DA:126,0
DA:132,0
DA:133,0
DA:135,0
DA:137,0
DA:142,0
DA:144,0
DA:150,0
DA:151,0
DA:152,0
DA:153,0
DA:155,0
DA:156,0
DA:157,0
DA:158,0
DA:159,0
DA:160,0
DA:162,0
DA:163,0
DA:165,0
DA:166,0
DA:169,0
DA:180,0
DA:181,0
DA:182,0
DA:184,0
DA:185,0
DA:188,0
DA:190,0
DA:191,0
DA:194,0
DA:196,0
DA:197,0
DA:204,2
DA:205,2
DA:206,2
DA:207,2
DA:208,2
DA:209,2
DA:210,2
DA:216,6
DA:217,4
DA:218,12
DA:219,4
DA:221,2
DA:222,2
DA:223,2
DA:224,2
DA:226,2
DA:227,4
DA:234,2
DA:235,2
DA:238,2
DA:240,2
DA:241,2
DA:242,2
DA:244,2
DA:245,2
DA:246,2
DA:249,2
DA:251,2
DA:252,4
DA:253,2
DA:257,2
DA:261,2
DA:262,4
DA:270,2
DA:272,2
DA:275,2
DA:277,2
DA:279,0
DA:281,0
DA:282,0
DA:283,0
DA:284,0
DA:285,0
DA:286,0
DA:287,0
DA:289,0
DA:291,0
DA:293,0
DA:313,2
DA:315,12
DA:316,3
DA:318,8
DA:319,6
DA:323,2
DA:324,2
DA:325,2
DA:327,2
DA:329,2
DA:331,2
DA:332,2
DA:335,2
DA:337,2
DA:339,2
DA:340,2
DA:341,2
DA:347,2
DA:348,4
DA:358,2
DA:360,2
DA:362,2
DA:364,2
DA:365,2
DA:368,2
DA:370,2
DA:372,2
DA:373,2
DA:374,2
DA:380,2
DA:381,4
LF:169
LH:104
end_of_record
SF:lib\screens\profile\profile_settings_screen.dart
DA:24,4
DA:26,4
DA:27,4
DA:31,12
DA:32,8
DA:43,4
DA:45,4
DA:46,16
DA:47,16
DA:48,16
DA:49,16
DA:50,16
DA:53,4
DA:55,4
DA:56,4
DA:58,4
DA:59,8
DA:62,4
DA:64,4
DA:65,4
DA:67,4
DA:70,12
DA:75,4
DA:78,4
DA:79,4
DA:80,4
DA:82,0
DA:83,0
DA:84,0
DA:85,0
DA:87,0
DA:88,0
DA:93,8
DA:109,4
DA:110,4
DA:112,4
DA:114,4
DA:116,4
DA:118,4
DA:120,4
DA:126,4
DA:127,4
DA:128,4
DA:129,4
DA:130,12
DA:131,12
DA:132,4
DA:133,0
DA:134,0
DA:135,0
DA:136,0
DA:137,0
DA:141,4
DA:142,4
DA:143,12
DA:144,8
DA:145,8
DA:147,0
DA:148,0
DA:149,0
DA:154,4
DA:155,4
DA:156,4
DA:157,4
DA:158,16
DA:159,12
DA:160,0
DA:164,4
DA:165,4
DA:166,4
DA:167,36
DA:168,16
DA:169,0
DA:173,4
DA:174,4
DA:175,4
DA:176,8
DA:177,4
DA:179,0
DA:180,0
DA:181,0
DA:186,4
DA:187,4
DA:188,4
DA:189,8
DA:190,4
DA:192,0
DA:193,0
DA:194,0
DA:199,4
DA:200,4
DA:201,4
DA:202,8
DA:203,4
DA:205,0
DA:206,0
DA:207,0
DA:212,4
DA:213,4
DA:214,4
DA:215,8
DA:216,8
DA:217,4
DA:219,0
DA:220,0
DA:221,0
DA:226,4
DA:227,4
DA:228,4
DA:229,8
DA:230,8
DA:231,4
DA:233,0
DA:234,0
DA:235,0
DA:240,4
DA:241,4
DA:242,12
DA:244,12
DA:246,0
DA:247,0
DA:248,0
DA:253,4
DA:254,4
DA:255,4
DA:257,12
DA:258,12
DA:259,4
DA:263,4
DA:265,0
DA:266,0
DA:267,0
DA:268,0
DA:269,0
DA:278,4
DA:279,4
DA:280,4
DA:282,8
DA:288,0
DA:289,0
DA:290,0
DA:291,0
DA:298,0
DA:299,0
DA:300,0
DA:302,0
DA:303,0
DA:304,0
DA:306,0
DA:307,0
DA:308,0
DA:316,0
DA:317,0
DA:318,0
DA:319,0
DA:320,0
DA:329,0
DA:330,0
DA:331,0
DA:350,2
DA:362,2
DA:363,2
DA:364,4
DA:365,2
DA:367,2
DA:368,4
DA:369,2
DA:371,2
DA:372,4
DA:373,2
DA:375,2
DA:376,4
DA:377,2
DA:379,2
DA:380,4
DA:381,2
DA:383,2
DA:384,4
DA:385,2
DA:387,2
DA:388,2
DA:389,4
DA:390,4
DA:392,2
DA:394,4
DA:397,0
DA:400,2
LF:187
LH:126
end_of_record
SF:lib\screens\search\profile_search_screen.dart
DA:23,8
DA:25,4
DA:26,4
DA:34,4
DA:36,4
DA:37,8
DA:38,0
DA:39,0
DA:40,0
DA:44,4
DA:46,4
DA:47,4
DA:48,8
DA:51,4
DA:53,4
DA:54,4
DA:56,4
DA:59,12
DA:64,4
DA:65,4
DA:67,8
DA:71,4
DA:87,4
DA:93,4
DA:111,4
DA:112,4
DA:114,4
DA:116,4
DA:118,4
DA:120,4
DA:122,4
DA:128,4
DA:129,4
DA:130,4
DA:131,4
DA:132,4
DA:133,8
DA:134,8
DA:135,8
DA:137,0
DA:138,0
DA:139,0
DA:143,4
DA:144,4
DA:145,8
DA:146,8
DA:147,8
DA:149,0
DA:150,0
DA:151,0
DA:155,4
DA:156,4
DA:157,8
DA:158,8
DA:159,8
DA:161,0
DA:162,0
DA:163,0
DA:167,4
DA:168,4
DA:169,8
DA:170,8
DA:171,8
DA:173,0
DA:174,0
DA:175,0
DA:179,4
DA:180,4
DA:181,8
DA:182,12
DA:183,0
DA:184,8
DA:186,0
DA:187,0
DA:188,0
DA:192,4
DA:194,4
DA:196,4
DA:197,4
DA:199,4
DA:201,16
DA:204,8
DA:206,16
DA:213,4
DA:216,4
DA:220,4
DA:221,16
DA:222,16
DA:224,0
DA:225,0
DA:226,0
DA:227,0
DA:228,0
DA:236,0
DA:237,0
DA:238,0
DA:239,0
DA:240,0
DA:245,2
DA:246,8
DA:249,4
DA:250,4
DA:251,4
DA:253,4
DA:255,8
DA:256,2
DA:257,4
DA:258,10
DA:259,6
DA:260,4
DA:261,0
DA:262,0
DA:265,2
DA:269,4
DA:270,4
DA:272,4
DA:274,8
DA:275,2
DA:276,2
DA:277,2
DA:278,2
DA:279,2
DA:284,4
DA:286,4
DA:288,8
DA:289,2
DA:290,2
DA:291,2
DA:292,2
DA:293,2
DA:294,4
DA:295,2
DA:296,2
DA:302,2
DA:303,2
DA:305,2
DA:307,6
DA:310,2
DA:311,2
DA:312,4
DA:317,2
DA:318,2
DA:319,4
DA:320,0
DA:321,0
DA:324,2
DA:325,4
DA:326,0
DA:327,0
DA:328,0
DA:329,0
DA:330,0
DA:331,0
DA:332,0
DA:333,0
DA:335,0
DA:336,0
DA:338,0
DA:339,0
DA:340,0
DA:349,4
DA:351,4
DA:353,8
DA:354,2
DA:355,4
DA:356,4
DA:357,8
DA:362,8
DA:363,4
DA:364,4
DA:366,4
DA:368,8
DA:369,0
DA:371,0
DA:372,0
DA:373,0
DA:376,0
DA:377,0
DA:378,0
DA:379,0
DA:384,4
DA:385,4
DA:388,4
DA:390,8
DA:391,0
DA:392,0
DA:393,0
DA:394,0
DA:395,0
DA:398,0
DA:399,0
DA:400,0
DA:401,0
DA:406,4
DA:407,4
DA:410,4
DA:412,8
DA:413,0
DA:414,0
DA:415,0
DA:416,0
DA:417,0
DA:420,0
DA:421,0
DA:422,0
DA:423,0
DA:434,2
DA:435,4
DA:436,2
DA:438,4
DA:441,4
DA:442,4
DA:443,4
DA:444,4
DA:445,4
DA:446,4
DA:447,4
DA:448,4
DA:449,4
LF:219
LH:147
end_of_record
SF:lib\screens\search\saved_search_screen.dart
DA:16,10
DA:18,2
DA:19,2
DA:23,2
DA:25,2
DA:26,2
DA:27,4
DA:30,2
DA:31,2
DA:33,6
DA:37,0
DA:39,2
DA:41,2
DA:44,6
DA:50,2
DA:53,2
DA:54,4
DA:55,0
DA:56,0
DA:57,0
DA:58,0
DA:59,0
DA:61,0
DA:62,0
DA:64,0
DA:65,0
DA:67,0
DA:72,2
DA:74,2
DA:75,2
DA:77,2
DA:78,2
DA:79,4
DA:80,2
DA:82,8
DA:88,2
DA:90,2
DA:91,2
DA:92,2
DA:93,4
DA:94,2
DA:97,8
DA:110,2
DA:111,2
DA:112,2
DA:113,2
DA:114,6
DA:115,2
DA:118,2
DA:119,2
DA:120,2
DA:121,2
DA:124,2
DA:125,2
DA:126,2
DA:127,2
DA:128,0
DA:129,0
DA:131,0
DA:133,0
DA:134,0
DA:138,2
DA:139,2
DA:141,2
DA:142,2
DA:143,2
DA:144,2
DA:145,2
DA:146,2
DA:148,2
DA:149,2
DA:150,2
DA:151,2
DA:153,0
DA:154,0
DA:157,2
DA:158,2
DA:159,2
DA:161,0
DA:162,0
DA:163,0
DA:164,0
DA:166,0
DA:167,0
DA:178,2
DA:179,4
DA:181,2
DA:187,2
DA:190,4
DA:198,2
DA:199,2
DA:200,6
DA:201,0
DA:203,6
DA:204,0
DA:206,6
DA:207,0
DA:209,6
DA:210,0
DA:211,0
DA:212,0
DA:217,6
DA:218,0
DA:219,0
DA:220,0
DA:221,0
DA:227,4
DA:228,0
DA:229,0
DA:230,0
DA:231,0
DA:240,2
DA:241,2
DA:242,2
DA:243,4
DA:244,2
DA:245,2
DA:247,2
DA:249,2
LF:119
LH:81
end_of_record
SF:lib\utils\backend\authorization_backend.dart
DA:5,4
DA:8,16
DA:9,2
DA:15,4
DA:17,12
DA:22,4
DA:26,2
DA:28,6
DA:33,2
DA:37,4
DA:38,12
DA:39,20
LF:12
LH:12
end_of_record
SF:lib\utils\backend\message_backend.dart
DA:10,6
DA:12,6
DA:14,24
DA:16,16
DA:17,4
DA:19,0
DA:21,4
DA:23,0
DA:25,4
DA:28,2
DA:32,2
DA:33,2
DA:34,6
DA:35,6
DA:36,6
DA:37,6
DA:38,8
DA:42,2
DA:43,4
DA:44,4
DA:45,6
DA:53,2
DA:55,4
DA:56,4
DA:57,6
DA:59,6
DA:60,6
DA:61,0
DA:68,4
DA:69,6
DA:71,12
DA:72,6
DA:76,0
DA:77,0
DA:78,0
DA:79,0
DA:83,4
DA:84,6
DA:86,12
DA:87,6
DA:91,0
DA:92,0
DA:93,0
DA:94,0
DA:98,0
DA:102,6
DA:106,24
DA:108,16
DA:109,4
DA:111,0
DA:113,4
DA:115,0
DA:117,4
DA:120,2
DA:124,2
DA:126,2
DA:129,2
DA:130,4
DA:131,4
LF:59
LH:45
end_of_record
SF:lib\utils\backend\misc_backend.dart
DA:3,18
DA:8,2
DA:9,6
DA:12,3
DA:13,3
DA:14,6
DA:16,3
DA:17,0
DA:18,0
DA:20,0
LF:10
LH:7
end_of_record
SF:lib\utils\backend\profile_backend.dart
DA:4,2
DA:5,2
DA:6,2
DA:7,2
DA:8,2
DA:9,2
DA:10,2
DA:11,2
DA:12,4
DA:13,4
DA:14,4
DA:15,2
DA:19,6
DA:22,24
DA:24,4
DA:26,6
DA:27,18
DA:31,2
DA:32,8
DA:35,6
DA:38,24
DA:39,4
DA:40,5
DA:41,3
DA:45,2
DA:49,6
DA:52,24
DA:53,4
DA:54,4
DA:55,0
DA:59,2
LF:31
LH:30
end_of_record
SF:lib\utils\backend\profile_search_backend.dart
DA:11,2
DA:14,8
DA:15,4
DA:16,6
DA:18,4
DA:19,4
DA:21,4
DA:22,4
DA:25,4
DA:26,6
DA:28,4
DA:29,4
DA:31,2
DA:32,4
DA:34,2
DA:35,4
DA:39,0
DA:40,0
DA:42,0
DA:47,0
DA:49,0
DA:51,0
DA:52,0
DA:58,0
DA:64,2
DA:68,6
DA:71,24
DA:73,4
DA:74,4
DA:75,0
DA:80,2
DA:84,2
DA:85,2
DA:86,6
DA:87,6
DA:88,8
DA:89,8
DA:90,8
DA:91,8
DA:92,6
DA:96,2
DA:97,2
DA:98,4
DA:99,2
LF:44
LH:35
end_of_record
SF:lib\utils\colors.dart
DA:5,6
DA:7,12
DA:10,6
DA:12,36
DA:13,6
DA:16,6
DA:20,6
DA:25,6
LF:8
LH:8
end_of_record
SF:lib\utils\data.dart
DA:1,18
DA:81,12
DA:82,6
DA:83,2
DA:96,2
DA:146,2
DA:153,2
DA:163,2
DA:226,2
DA:243,2
DA:255,2
DA:256,2
DA:323,2
DA:335,2
DA:403,2
DA:409,2
DA:412,2
DA:414,2
DA:415,2
DA:439,2
DA:444,2
DA:463,2
DA:466,2
DA:476,2
DA:483,2
DA:488,2
DA:490,2
DA:497,2
DA:513,2
DA:516,2
DA:517,2
DA:518,2
DA:521,2
DA:529,2
DA:531,2
DA:533,2
DA:537,2
DA:541,2
DA:550,2
DA:554,2
DA:557,2
DA:560,2
DA:563,2
DA:569,2
DA:572,2
DA:575,2
DA:576,2
DA:591,2
DA:604,2
DA:606,2
DA:623,2
DA:626,2
DA:629,2
DA:636,2
DA:643,2
DA:706,2
DA:723,2
DA:728,2
DA:730,2
DA:737,2
DA:738,2
DA:757,2
DA:769,2
DA:773,2
DA:777,2
DA:781,2
DA:794,2
DA:795,2
DA:797,2
DA:803,2
DA:814,2
DA:815,2
DA:839,2
DA:844,2
DA:866,2
DA:873,2
DA:883,2
DA:888,2
DA:893,2
DA:897,2
DA:904,2
DA:917,2
DA:920,2
DA:933,2
DA:937,2
DA:938,2
DA:941,2
DA:948,2
DA:954,2
DA:955,2
DA:957,2
DA:963,2
DA:966,2
DA:967,2
DA:968,2
DA:970,2
DA:973,2
DA:977,2
DA:978,2
DA:981,2
DA:984,2
DA:988,2
DA:989,2
DA:993,2
DA:996,2
DA:997,2
DA:998,2
DA:1000,2
DA:1001,2
DA:1007,2
DA:1008,2
DA:1009,2
DA:1010,2
DA:1011,2
DA:1012,2
DA:1013,2
DA:1014,2
DA:1016,2
DA:1017,2
DA:1018,2
DA:1019,2
DA:1021,2
DA:1024,2
DA:1028,2
DA:1030,2
DA:1034,2
DA:1035,2
DA:1037,2
DA:1040,2
DA:1043,2
DA:1044,2
DA:1046,2
DA:1050,2
DA:1057,2
DA:1058,2
DA:1073,2
DA:1075,2
DA:1078,2
DA:1081,2
DA:1087,2
DA:1089,2
DA:1090,2
DA:1098,2
DA:1099,2
DA:1101,2
DA:1104,2
DA:1108,2
DA:1110,2
DA:1115,2
DA:1120,2
DA:1123,2
DA:1129,2
DA:1132,2
DA:1134,2
DA:1135,2
DA:1136,2
DA:1159,2
DA:1164,2
DA:1186,2
DA:1196,2
DA:1203,2
DA:1212,2
DA:1215,2
DA:1216,2
DA:1266,2
DA:1283,2
DA:1363,2
DA:1426,2
DA:1433,2
DA:1443,2
DA:1455,2
DA:1506,2
DA:1513,2
DA:1523,2
DA:1603,2
DA:1683,2
DA:1694,2
DA:1695,2
DA:1746,2
DA:1753,2
DA:1763,2
DA:1843,2
DA:1873,2
DA:1898,2
DA:1923,2
DA:2003,2
DA:2015,2
DA:2083,2
DA:2095,2
DA:2163,2
DA:2204,2
DA:2226,2
DA:2233,2
DA:2243,2
DA:2250,2
DA:2293,2
DA:2323,2
DA:2403,2
DA:2409,2
DA:2415,2
DA:2416,2
DA:2426,2
DA:2443,2
DA:2473,2
DA:2483,2
DA:2563,2
DA:2576,2
DA:2643,2
DA:2649,2
DA:2655,2
DA:2709,2
DA:2713,2
DA:2723,2
DA:2729,2
DA:2732,2
DA:2734,2
DA:2735,2
DA:2793,2
DA:2796,2
DA:2803,2
DA:2809,2
DA:2815,2
DA:2816,2
DA:2844,2
DA:2873,2
DA:2876,2
DA:2883,2
DA:2888,2
DA:2893,2
DA:2897,2
DA:2933,2
DA:2941,2
DA:2954,2
DA:2957,2
DA:2963,2
DA:2974,2
DA:2975,2
DA:3026,2
DA:3043,2
DA:3049,2
DA:3055,2
DA:3056,2
DA:3123,2
DA:3203,2
DA:3233,2
DA:3249,2
DA:3283,2
DA:3288,2
DA:3290,2
DA:3293,2
DA:3297,2
DA:3310,2
DA:3318,2
DA:3333,2
DA:3337,2
DA:3354,2
DA:3363,2
DA:3443,2
DA:3450,2
DA:3514,2
DA:3523,2
DA:3535,2
DA:3536,2
DA:3586,2
DA:3593,2
DA:3603,2
DA:3615,2
DA:3666,2
DA:3683,2
DA:3689,2
DA:3692,2
DA:3695,2
DA:3696,2
DA:3723,2
DA:3756,2
DA:3763,2
DA:3775,2
DA:3776,2
DA:3843,2
DA:3849,2
DA:3855,2
DA:3903,2
DA:3906,2
DA:3918,2
DA:3923,2
DA:3935,2
DA:4003,2
DA:4009,2
DA:4012,2
DA:4014,2
DA:4015,2
DA:4031,2
DA:4039,2
DA:4044,2
DA:4063,2
DA:4073,2
DA:4076,2
DA:4083,2
DA:4095,2
DA:4163,2
DA:4243,2
DA:4255,2
DA:4323,2
DA:4329,2
DA:4332,2
DA:4334,2
DA:4335,2
DA:4364,2
DA:4393,2
DA:4396,2
DA:4403,2
DA:4414,2
DA:4415,2
DA:4416,2
DA:4426,2
DA:4466,2
DA:4473,2
DA:4483,2
DA:4495,2
DA:4496,2
DA:4546,2
DA:4553,2
DA:4563,2
DA:4633,2
DA:4643,2
DA:4649,2
DA:4652,2
DA:4654,2
DA:4655,2
DA:4656,2
DA:4679,2
DA:4703,2
DA:4706,2
DA:4713,2
DA:4716,2
DA:4723,2
DA:4803,2
DA:4808,2
DA:4810,2
DA:4851,2
DA:4853,2
DA:4861,2
DA:4877,2
DA:4880,2
DA:4883,2
DA:4895,2
DA:4896,2
DA:4946,2
DA:4963,2
DA:5043,2
DA:5044,2
DA:5045,2
DA:5048,2
DA:5050,2
DA:5051,2
DA:5053,2
DA:5057,2
DA:5058,2
DA:5060,2
DA:5061,2
DA:5064,2
DA:5070,2
DA:5080,2
DA:5087,2
DA:5088,2
DA:5091,2
DA:5098,2
DA:5099,2
DA:5101,2
DA:5104,2
DA:5108,2
DA:5111,2
DA:5115,2
DA:5117,2
DA:5120,2
DA:5123,2
DA:5203,2
DA:5214,2
DA:5215,2
DA:5216,2
DA:5266,2
DA:5273,2
DA:5280,2
DA:5283,2
DA:5290,2
DA:5316,2
DA:5354,2
DA:5360,2
DA:5363,2
DA:5369,2
DA:5375,2
DA:5376,2
DA:5433,2
DA:5443,2
DA:5506,2
DA:5513,2
DA:5523,2
DA:5603,2
DA:5604,2
DA:5613,2
DA:5620,2
DA:5621,2
DA:5624,2
DA:5630,2
DA:5633,2
DA:5636,2
DA:5637,2
DA:5638,2
DA:5647,2
DA:5653,2
DA:5657,2
DA:5658,2
DA:5659,2
DA:5660,2
DA:5661,2
DA:5668,2
DA:5670,2
DA:5671,2
DA:5674,2
DA:5675,2
DA:5681,2
DA:5683,2
DA:5689,2
DA:5692,2
DA:5694,2
DA:5695,2
DA:5719,2
DA:5724,2
DA:5726,2
DA:5749,2
DA:5753,2
DA:5756,2
DA:5763,2
DA:5772,2
DA:5774,2
DA:5775,2
DA:5776,2
DA:5826,2
DA:5833,2
DA:5843,2
DA:5848,2
DA:5850,2
DA:5857,2
DA:5877,2
DA:5878,2
DA:5889,2
DA:5893,2
DA:5897,2
DA:5901,2
DA:5914,2
DA:5917,2
DA:5920,2
DA:5923,2
DA:5929,2
DA:5932,2
DA:5934,2
DA:5935,2
DA:5959,2
DA:5983,2
DA:5986,2
DA:5996,2
DA:6003,2
DA:6051,2
DA:6083,2
DA:6163,2
DA:6169,2
DA:6175,2
DA:6176,2
DA:6223,2
DA:6226,2
DA:6228,2
DA:6229,2
DA:6236,2
DA:6243,2
DA:6313,2
DA:6324,6
DA:6325,2
DA:6354,2
DA:6366,2
DA:6416,2
DA:6519,2
DA:6713,2
DA:6804,2
DA:6907,2
DA:6998,2
DA:7101,2
DA:7192,2
DA:7295,2
DA:7386,2
DA:7489,2
DA:7580,2
DA:7683,2
DA:7877,2
DA:7906,2
DA:8071,2
DA:8265,2
DA:8459,2
DA:8550,2
DA:8653,2
DA:8694,2
DA:8847,2
DA:8888,2
DA:9041,2
DA:9132,2
DA:9235,2
DA:9276,2
DA:9326,2
DA:9429,2
DA:9520,2
DA:9623,2
DA:9714,2
DA:9817,2
DA:10011,2
DA:10205,2
DA:10296,2
DA:10399,2
DA:10490,2
DA:10593,2
DA:10787,2
DA:10878,2
DA:10981,2
DA:11022,2
DA:11072,2
DA:11175,2
DA:11266,2
DA:11369,2
DA:11563,2
DA:11757,2
DA:11758,2
DA:11766,2
DA:11789,2
DA:11793,2
DA:11835,2
DA:11836,2
DA:11883,2
DA:11884,2
DA:11887,2
DA:11951,2
DA:12145,2
DA:12339,2
DA:12368,2
DA:12533,2
DA:12727,2
DA:12803,2
DA:12811,2
DA:12829,2
DA:12881,2
DA:12890,2
DA:12921,2
DA:13115,2
DA:13144,2
DA:13156,2
DA:13167,2
DA:13309,2
DA:13400,2
DA:13503,2
DA:13697,2
DA:13891,2
DA:14085,2
DA:14086,2
DA:14098,2
DA:14099,2
DA:14101,2
DA:14110,2
DA:14121,2
DA:14136,2
DA:14139,2
DA:14142,2
DA:14150,2
DA:14161,2
DA:14162,2
DA:14163,2
DA:14164,2
DA:14166,2
DA:14174,2
DA:14175,2
DA:14181,2
DA:14187,2
DA:14195,2
DA:14198,2
DA:14202,2
DA:14207,2
DA:14210,2
DA:14211,2
DA:14212,2
DA:14214,2
DA:14215,2
DA:14224,2
DA:14226,2
DA:14234,2
DA:14239,2
DA:14244,2
DA:14245,2
DA:14246,2
DA:14248,2
DA:14249,2
DA:14253,2
DA:14254,2
DA:14256,2
DA:14262,2
DA:14263,2
DA:14271,2
DA:14275,2
DA:14277,2
DA:14279,2
DA:14473,2
DA:14564,2
DA:14667,2
DA:14758,2
DA:14861,2
DA:15055,2
DA:15107,2
DA:15249,2
DA:15443,2
DA:15637,2
DA:15831,2
DA:15922,2
DA:16025,2
DA:16066,2
DA:16116,2
DA:16219,2
DA:16255,2
DA:16265,2
DA:16282,2
DA:16310,2
DA:16311,2
DA:16325,2
DA:16360,2
DA:16400,2
DA:16413,2
DA:16504,2
DA:16607,2
DA:16648,2
DA:16801,2
DA:16995,2
DA:17189,2
DA:17230,2
DA:17383,2
DA:17577,2
DA:17771,2
DA:17965,2
DA:18159,2
DA:18353,2
DA:18405,2
DA:18444,2
DA:18547,2
DA:18741,2
DA:18782,2
DA:18935,2
DA:19026,2
DA:19129,2
DA:19220,2
DA:19323,2
DA:19414,2
DA:19517,2
DA:19711,2
DA:19905,2
DA:19996,2
DA:20099,2
DA:20190,2
DA:20293,2
DA:20384,2
DA:20487,2
DA:20681,2
DA:20875,2
DA:20909,2
DA:20916,2
DA:21069,2
DA:21110,2
DA:21263,2
DA:21292,2
DA:21304,2
DA:21410,2
DA:21411,2
DA:21457,2
DA:21486,2
DA:21498,2
DA:21548,2
DA:21600,2
DA:21601,2
DA:21602,2
DA:21605,2
DA:21651,2
DA:21845,2
DA:21886,2
DA:21936,2
DA:22039,2
DA:22233,2
DA:22427,2
DA:22461,2
DA:22621,2
DA:22784,2
DA:22815,2
DA:23009,2
DA:23203,2
DA:23397,2
DA:23438,2
DA:23488,2
DA:23591,2
DA:23632,2
DA:23785,2
DA:23786,2
DA:23788,2
DA:23789,2
DA:23790,2
DA:23791,2
DA:23792,2
DA:23797,2
DA:23800,2
DA:23801,2
DA:23802,2
DA:23803,2
DA:23806,2
DA:23807,2
DA:23809,2
DA:23810,2
DA:23811,2
DA:23822,2
DA:23828,2
DA:23829,2
DA:23835,2
DA:23836,2
DA:23837,2
DA:23838,2
DA:23848,2
DA:23851,2
DA:23852,2
DA:23853,2
DA:23856,2
DA:23857,2
DA:23858,2
DA:23864,2
DA:23866,2
DA:23874,2
DA:23877,2
DA:23878,2
DA:23880,2
DA:23881,2
DA:23892,2
DA:23894,2
DA:23896,2
DA:23899,2
DA:23900,2
DA:23901,2
DA:23903,2
DA:23908,2
DA:23910,2
DA:23911,2
DA:23912,2
DA:23914,2
DA:23917,2
DA:23923,2
DA:23924,2
DA:23933,2
DA:23934,2
DA:23947,2
DA:23949,2
DA:23953,2
DA:23961,2
DA:23962,2
DA:23966,2
DA:23970,2
DA:23973,2
DA:23975,2
DA:23977,2
DA:23979,2
DA:24031,2
DA:24070,2
DA:24173,2
DA:24264,2
DA:24367,2
DA:24561,2
DA:24652,2
DA:24755,2
DA:24796,2
DA:24846,2
DA:24877,2
DA:24949,2
DA:25143,2
DA:25337,2
DA:25531,2
DA:25725,2
DA:25919,2
DA:25953,2
DA:25960,2
DA:26113,2
DA:26307,2
DA:26501,2
DA:26695,2
DA:26747,2
DA:26889,2
DA:26980,2
DA:27083,2
DA:27277,2
DA:27368,2
DA:27471,2
DA:27512,2
DA:27665,2
DA:27756,2
DA:27859,2
DA:28053,2
DA:28094,2
DA:28247,2
DA:28338,2
DA:28441,2
DA:28532,2
DA:28635,2
DA:28726,2
DA:28829,2
DA:28870,2
DA:29023,2
DA:29114,2
DA:29217,2
DA:29411,2
DA:29605,2
DA:29799,2
DA:29840,2
DA:29895,2
DA:29993,2
DA:30084,2
DA:30187,2
DA:30381,2
DA:30422,2
DA:30472,2
DA:30575,2
DA:30604,2
DA:30616,2
DA:30666,2
DA:30769,2
DA:30798,2
DA:30810,2
DA:30860,2
DA:30963,2
DA:31157,2
DA:31198,2
DA:31248,2
DA:31351,2
DA:31380,2
DA:31392,2
DA:31545,2
DA:31739,2
DA:31830,2
DA:31933,2
DA:32127,2
DA:32321,2
DA:32515,2
DA:32709,2
DA:32903,2
DA:32994,2
DA:33097,2
DA:33138,2
DA:33188,2
DA:33291,2
DA:33485,2
DA:33526,2
DA:33537,2
DA:33632,2
DA:33679,2
DA:33873,2
DA:33952,2
DA:34022,2
DA:34067,2
DA:34146,2
DA:34216,2
DA:34261,2
DA:34340,2
DA:34410,2
DA:34455,2
DA:34649,2
DA:34727,2
DA:34790,2
DA:34798,2
DA:34812,2
DA:34841,2
DA:34843,2
DA:34921,2
DA:34922,2
DA:34934,2
DA:35037,2
DA:35078,2
DA:35128,2
DA:35180,2
DA:35181,2
DA:35182,2
DA:35184,2
DA:35231,2
DA:35425,2
DA:35619,2
DA:35813,2
DA:36007,2
DA:36041,2
DA:36048,2
DA:36201,2
DA:36395,2
DA:36589,2
DA:36783,2
DA:36977,2
DA:37018,2
DA:37171,2
DA:37212,2
DA:37365,2
DA:37406,2
DA:37559,2
DA:37650,2
DA:37753,2
DA:37787,2
DA:37794,2
DA:37838,2
DA:37900,2
DA:37947,2
DA:37988,2
DA:38038,2
DA:38141,2
DA:38335,2
DA:38529,2
DA:38723,2
DA:38764,2
DA:38814,2
DA:38917,2
DA:38958,2
DA:39111,2
DA:39305,2
DA:39346,2
DA:39499,2
DA:39693,2
DA:39887,2
DA:40081,2
DA:40275,2
DA:40366,2
DA:40469,2
DA:40510,2
DA:40560,2
DA:40663,2
DA:40704,2
DA:40857,2
DA:41051,2
DA:41245,2
DA:41297,2
DA:41336,2
DA:41439,2
DA:41633,2
DA:41827,2
DA:42021,2
DA:42112,2
DA:42215,2
DA:42256,2
DA:42409,2
DA:42603,2
DA:42694,2
DA:42797,2
DA:42991,2
DA:43032,2
DA:43082,2
DA:43185,2
DA:43379,2
DA:43420,2
DA:43470,2
DA:43526,2
DA:43574,6
DA:43575,2
DA:43650,2
DA:43725,2
DA:43800,2
DA:43875,2
DA:43950,2
DA:44025,2
DA:44100,2
DA:44175,2
DA:44250,2
DA:44325,2
DA:44400,2
DA:44475,2
DA:44550,2
DA:44625,2
DA:44700,2
DA:44775,2
DA:44850,2
DA:44925,2
DA:45000,2
DA:45075,2
DA:45150,2
DA:45225,2
DA:45300,2
DA:45375,2
DA:45415,2
DA:45450,2
DA:45525,2
DA:45600,2
DA:45675,2
DA:45750,2
DA:45825,2
DA:45900,2
DA:45975,2
DA:46050,2
DA:46125,2
DA:46200,2
DA:46275,2
DA:46350,2
DA:46425,2
DA:46500,2
DA:46525,2
DA:46575,2
DA:46650,2
DA:46725,2
DA:46800,2
DA:46875,2
DA:46950,2
DA:47025,2
DA:47100,2
DA:47175,2
DA:47250,2
DA:47325,2
DA:47400,2
DA:47475,2
DA:47550,2
DA:47625,2
DA:47700,2
DA:47775,2
DA:47850,2
DA:47925,2
DA:48000,2
DA:48075,2
DA:48150,2
DA:48225,2
DA:48300,2
DA:48375,2
DA:48450,2
DA:48525,2
DA:48600,2
DA:48675,2
DA:48750,2
DA:48825,2
DA:48900,2
DA:48975,2
DA:49051,12
DA:51797,12
DA:51991,18
DA:52066,18
DA:52085,12
DA:52086,4
DA:52092,4
DA:52095,4
DA:52097,4
DA:52098,4
DA:52099,4
DA:52149,4
DA:52156,4
DA:52166,4
DA:52175,4
DA:52178,4
DA:52179,4
DA:52214,4
DA:52240,4
DA:52246,4
DA:52252,4
DA:52255,4
DA:52257,4
DA:52258,4
DA:52259,4
DA:52266,4
DA:52269,4
DA:52277,4
DA:52282,4
DA:52289,4
DA:52309,4
DA:52316,4
DA:52326,4
DA:52331,4
DA:52333,4
DA:52349,4
DA:52359,4
DA:52360,4
DA:52364,4
DA:52366,4
DA:52376,4
DA:52397,4
DA:52403,4
DA:52406,4
DA:52417,4
DA:52418,4
DA:52419,4
DA:52429,4
DA:52469,4
DA:52476,4
DA:52486,4
DA:52495,4
DA:52497,4
DA:52498,4
DA:52499,4
DA:52549,4
DA:52556,4
DA:52566,4
DA:52575,4
DA:52578,4
DA:52579,4
DA:52587,4
DA:52589,4
DA:52599,4
DA:52606,4
DA:52616,4
DA:52629,4
DA:52633,4
DA:52646,4
DA:52657,4
DA:52658,4
DA:52659,4
DA:52669,4
DA:52709,4
DA:52716,4
DA:52726,4
DA:52806,4
DA:52817,4
DA:52818,4
DA:52819,4
DA:52829,4
DA:52846,4
DA:52869,4
DA:52876,4
DA:52886,4
DA:52897,4
DA:52898,4
DA:52899,4
DA:52909,4
DA:52949,4
DA:52956,4
DA:52966,4
DA:52972,4
DA:52975,4
DA:52977,4
DA:52978,4
DA:52979,4
DA:52989,4
DA:52994,4
DA:52997,4
DA:53007,4
DA:53009,4
DA:53029,4
DA:53036,4
DA:53046,4
DA:53052,4
DA:53055,4
DA:53057,4
DA:53058,4
DA:53087,4
DA:53116,4
DA:53119,4
DA:53126,4
DA:53138,4
DA:53206,4
DA:53218,4
DA:53286,4
DA:53298,4
DA:53349,4
DA:53356,4
LF:1154
LH:1154
end_of_record
SF:lib\utils\misc_functions.dart
DA:11,2
DA:12,4
DA:15,6
DA:16,6
DA:17,4
DA:20,2
DA:21,2
DA:24,4
DA:25,4
DA:26,4
DA:30,2
DA:31,2
DA:32,2
DA:36,2
DA:37,2
DA:40,4
DA:41,4
DA:42,6
DA:43,4
DA:44,2
DA:46,2
DA:52,2
DA:53,6
DA:55,2
DA:62,4
DA:63,4
DA:64,8
DA:65,8
DA:69,4
DA:74,0
DA:75,0
DA:78,6
DA:79,16
DA:80,12
DA:84,0
DA:87,2
DA:88,2
DA:90,2
DA:91,2
DA:92,2
DA:93,2
DA:94,2
DA:95,2
DA:96,2
DA:97,2
DA:98,2
DA:99,2
DA:101,0
DA:102,0
DA:112,2
DA:113,2
DA:115,2
DA:116,2
DA:117,2
DA:118,2
DA:119,2
DA:120,2
DA:121,2
DA:123,2
DA:124,2
DA:125,2
DA:129,0
DA:130,0
DA:140,0
DA:141,0
DA:142,0
DA:143,0
DA:147,4
DA:149,4
DA:156,0
DA:166,4
DA:167,4
DA:169,4
DA:170,4
DA:172,4
DA:173,4
DA:174,4
DA:175,4
DA:176,4
DA:184,4
DA:185,4
DA:188,4
DA:191,12
DA:198,4
DA:199,4
DA:201,8
DA:208,4
DA:209,4
DA:210,4
DA:211,4
DA:212,4
DA:213,2
DA:215,2
DA:216,2
DA:217,2
DA:218,0
DA:219,0
DA:220,0
DA:221,0
DA:223,0
DA:225,0
DA:227,0
DA:230,4
LF:103
LH:84
end_of_record
SF:lib\screens\authorization\splash_screen.dart
DA:14,10
DA:16,4
DA:17,4
DA:23,4
DA:25,4
DA:28,2
DA:29,2
DA:31,4
DA:32,4
DA:33,4
DA:34,4
DA:35,4
DA:36,4
DA:39,4
DA:41,4
DA:53,2
DA:54,2
DA:55,2
DA:56,2
DA:57,6
DA:62,0
DA:63,0
DA:64,0
DA:65,0
DA:69,2
DA:70,4
DA:71,6
DA:72,6
DA:73,4
DA:74,6
DA:77,2
DA:80,0
LF:32
LH:27
end_of_record
SF:lib\utils\localization.dart
DA:365,0
DA:367,0
DA:369,0
DA:372,0
DA:374,0
DA:377,0
DA:379,0
DA:384,0
DA:385,0
LF:9
LH:0
end_of_record
SF:lib\widgets\theme_manager.dart
DA:6,4
DA:8,4
DA:9,8
DA:12,0
DA:13,0
DA:14,0
DA:17,0
DA:18,0
DA:19,0
LF:9
LH:3
end_of_record
SF:lib\screens\authorization\guided_registration_screen.dart
DA:25,2
DA:27,2
DA:28,2
DA:41,0
DA:43,0
DA:45,0
DA:46,0
DA:47,0
DA:48,0
DA:56,2
DA:58,2
DA:60,2
DA:61,4
DA:64,2
DA:65,2
DA:66,2
DA:67,2
DA:70,6
DA:78,2
DA:79,2
DA:80,2
DA:81,4
DA:82,0
DA:83,0
DA:84,0
DA:85,0
DA:93,2
DA:94,2
DA:96,2
DA:98,2
DA:100,2
DA:102,2
DA:104,2
DA:110,2
DA:111,2
DA:112,2
DA:113,2
DA:114,2
DA:115,4
DA:118,8
DA:120,2
DA:121,2
DA:122,4
DA:123,4
DA:124,0
DA:125,4
DA:127,0
DA:128,0
DA:129,0
DA:133,2
DA:134,2
DA:135,4
DA:136,4
DA:137,0
DA:138,4
DA:140,0
DA:141,0
DA:142,0
DA:146,2
DA:147,2
DA:148,4
DA:149,4
DA:150,0
DA:151,4
DA:153,0
DA:154,0
DA:155,0
DA:159,2
DA:160,2
DA:161,4
DA:162,4
DA:163,2
DA:165,0
DA:166,0
DA:167,0
DA:171,2
DA:172,2
DA:173,4
DA:174,4
DA:175,2
DA:177,0
DA:178,0
DA:179,0
LF:83
LH:55
end_of_record
SF:lib\screens\home_screen.dart
DA:29,12
DA:30,14
DA:31,12
DA:32,18
DA:34,12
DA:36,14
DA:39,4
DA:43,4
DA:44,4
DA:51,4
DA:53,4
DA:54,4
DA:55,4
DA:56,4
DA:57,4
DA:59,4
DA:62,4
DA:63,8
DA:65,0
DA:67,0
DA:70,4
DA:74,4
DA:75,8
DA:77,0
DA:79,0
DA:84,4
DA:85,12
DA:88,4
DA:89,20
DA:90,20
DA:93,4
DA:95,16
DA:97,4
DA:99,4
DA:100,4
DA:101,8
DA:102,4
DA:103,8
DA:107,4
DA:109,4
DA:113,4
DA:114,4
DA:116,4
DA:117,4
DA:120,4
DA:121,4
DA:127,4
DA:128,4
DA:129,8
DA:130,4
DA:131,8
DA:132,8
DA:139,4
DA:143,4
DA:148,4
DA:149,8
DA:160,4
DA:161,4
DA:163,8
DA:168,4
DA:170,4
DA:172,8
DA:177,4
DA:179,4
DA:182,0
DA:183,8
DA:188,4
DA:194,4
DA:195,8
DA:198,4
DA:199,8
DA:200,4
DA:204,4
DA:206,4
DA:207,4
DA:208,12
DA:211,4
DA:213,4
DA:214,4
DA:216,4
DA:219,16
DA:226,4
DA:227,4
DA:228,4
DA:229,12
DA:230,4
DA:232,16
DA:236,2
DA:238,2
DA:240,2
DA:241,2
DA:242,2
DA:243,2
DA:244,4
DA:247,2
DA:249,6
DA:252,2
DA:254,0
DA:255,0
DA:256,0
DA:258,0
DA:261,2
DA:263,2
DA:264,4
DA:265,2
DA:266,4
DA:267,2
DA:268,2
DA:269,2
DA:270,2
DA:275,8
DA:276,4
DA:277,4
DA:279,4
DA:280,4
DA:283,4
DA:284,4
DA:287,4
DA:288,4
DA:291,4
DA:292,4
DA:294,4
DA:295,4
DA:298,4
DA:299,4
DA:302,4
DA:303,4
DA:310,8
DA:312,2
DA:314,2
DA:315,2
DA:316,6
DA:319,2
DA:321,2
DA:322,2
DA:324,2
DA:327,8
DA:332,2
DA:333,2
DA:334,2
DA:335,4
DA:336,2
DA:339,8
DA:344,2
DA:345,2
DA:347,2
DA:348,8
DA:364,2
DA:365,6
DA:368,4
DA:369,12
DA:371,4
DA:372,0
DA:374,0
DA:375,0
DA:376,0
DA:377,0
DA:378,0
DA:379,0
DA:380,0
DA:381,0
DA:382,0
DA:383,0
DA:384,0
DA:385,0
DA:386,0
DA:387,0
DA:388,0
DA:389,0
DA:390,0
DA:391,0
DA:392,0
DA:393,0
DA:394,0
DA:395,0
DA:396,0
DA:397,0
DA:398,0
DA:401,4
DA:403,4
DA:404,16
DA:405,12
DA:406,4
DA:412,0
DA:419,0
LF:185
LH:148
end_of_record
SF:lib\utils\responsive_layout.dart
DA:8,4
DA:15,4
DA:17,4
DA:18,4
DA:19,8
DA:20,0
DA:21,8
DA:22,4
DA:24,0
LF:9
LH:7
end_of_record
SF:lib\widgets\mono_dropdown.dart
DA:15,4
DA:18,4
DA:19,4
DA:23,0
DA:24,0
DA:25,0
DA:26,0
DA:31,4
DA:33,4
DA:35,4
DA:38,0
DA:39,0
DA:40,0
DA:41,0
DA:42,0
DA:43,0
DA:56,0
DA:57,0
DA:58,0
DA:59,0
DA:63,0
DA:65,4
DA:66,4
DA:68,4
DA:70,12
DA:73,8
DA:75,12
DA:77,12
LF:28
LH:13
end_of_record
SF:lib\widgets\multi_dropdown.dart
DA:16,4
DA:20,4
DA:21,4
DA:27,4
DA:29,4
DA:30,4
DA:32,12
DA:37,8
DA:40,4
DA:41,8
DA:42,12
DA:44,12
DA:45,12
DA:49,24
DA:50,0
DA:51,0
DA:52,0
DA:54,4
DA:57,0
DA:58,0
DA:59,0
DA:61,0
LF:22
LH:15
end_of_record
SF:lib\widgets\my_text_field.dart
DA:9,4
DA:13,4
DA:15,4
DA:17,4
DA:18,4
DA:19,4
DA:22,4
DA:23,4
DA:25,4
DA:27,12
DA:30,4
DA:32,12
DA:35,8
LF:13
LH:13
end_of_record
SF:lib\screens\authorization\pre_login_screen.dart
DA:11,16
DA:13,4
DA:14,4
DA:18,4
DA:20,4
DA:21,4
DA:22,4
DA:23,4
DA:24,4
DA:26,4
DA:28,4
DA:31,4
DA:32,4
DA:34,4
DA:37,4
DA:38,4
DA:41,4
DA:42,4
DA:43,4
DA:44,4
DA:51,0
DA:52,0
DA:54,0
DA:55,0
DA:60,4
DA:61,4
DA:62,4
DA:65,4
DA:66,4
DA:67,4
DA:68,4
DA:69,4
DA:70,4
DA:72,4
DA:79,0
DA:80,0
DA:82,0
DA:83,0
LF:38
LH:30
end_of_record
SF:lib\screens\authorization\sign_in_screen.dart
DA:17,10
DA:19,2
DA:20,2
DA:29,2
DA:30,8
DA:31,8
DA:34,6
DA:35,4
DA:36,6
DA:37,4
DA:39,2
DA:40,4
DA:41,2
DA:42,2
DA:43,2
DA:45,0
DA:49,2
DA:50,2
DA:51,2
DA:52,2
DA:53,2
DA:54,0
DA:59,2
DA:61,2
DA:62,2
DA:63,2
DA:65,2
DA:67,2
DA:69,2
DA:71,2
DA:73,2
DA:79,2
DA:80,2
DA:81,2
DA:82,2
DA:84,2
DA:86,2
DA:91,2
DA:93,2
DA:94,2
DA:95,2
DA:99,2
DA:100,2
DA:102,2
DA:104,8
DA:107,4
DA:109,8
DA:114,2
DA:116,2
DA:117,2
DA:118,2
DA:122,2
DA:123,2
DA:124,2
DA:126,2
DA:128,8
DA:133,8
DA:136,8
DA:138,2
DA:139,2
DA:140,2
DA:142,2
DA:143,4
DA:144,2
DA:149,2
DA:150,2
DA:152,2
DA:153,4
DA:154,2
DA:162,2
DA:163,2
DA:164,2
DA:165,2
DA:168,2
DA:169,2
DA:172,2
DA:173,2
DA:175,2
DA:182,2
DA:183,2
LF:80
LH:78
end_of_record
SF:lib\screens\authorization\sign_up_screen.dart
DA:13,10
DA:15,2
DA:16,2
DA:24,2
DA:26,2
DA:27,2
DA:28,2
DA:30,2
DA:32,2
DA:34,2
DA:36,2
DA:38,2
DA:44,2
DA:45,2
DA:46,2
DA:47,2
DA:49,2
DA:51,2
DA:56,2
DA:58,2
DA:59,2
DA:60,2
DA:64,2
DA:65,2
DA:67,2
DA:69,8
DA:72,4
DA:74,8
DA:79,2
DA:81,2
DA:82,2
DA:83,2
DA:87,2
DA:88,2
DA:89,2
DA:91,2
DA:93,8
DA:98,8
DA:101,8
DA:103,2
DA:104,2
DA:105,2
DA:106,2
DA:107,4
DA:108,2
DA:113,2
DA:114,2
DA:115,2
DA:116,4
DA:117,2
DA:125,2
DA:126,2
DA:127,2
DA:128,2
DA:129,2
DA:132,2
DA:133,2
DA:136,2
DA:137,2
DA:138,4
DA:139,2
DA:151,0
DA:152,0
DA:153,0
DA:154,0
DA:155,0
DA:160,2
DA:161,6
DA:162,4
DA:163,6
DA:164,4
DA:165,2
DA:167,0
DA:169,2
DA:173,2
DA:174,2
DA:175,2
DA:176,4
DA:177,4
LF:79
LH:73
end_of_record
SF:lib\screens\profile\profile_screen.dart
DA:14,4
DA:16,4
DA:18,4
DA:19,4
DA:21,4
DA:22,4
DA:23,4
DA:24,4
DA:25,16
DA:26,4
DA:27,4
DA:28,8
DA:35,4
DA:36,4
DA:38,12
DA:44,8
DA:45,12
DA:46,8
DA:47,12
DA:51,4
DA:53,8
DA:54,4
DA:55,4
DA:56,4
DA:57,4
DA:58,4
DA:59,16
DA:60,4
DA:61,4
DA:62,4
DA:63,8
DA:71,4
DA:72,4
DA:74,12
DA:82,4
DA:84,4
DA:85,4
DA:86,8
DA:87,12
DA:88,8
DA:89,12
DA:95,4
DA:97,8
DA:98,4
DA:99,4
DA:100,4
DA:101,4
DA:102,4
DA:103,16
DA:104,4
DA:105,4
DA:106,4
DA:107,8
DA:115,4
DA:116,4
DA:118,12
DA:126,4
DA:128,4
DA:129,4
DA:130,8
DA:131,12
DA:132,8
DA:133,12
DA:141,4
DA:142,4
DA:144,4
DA:151,4
DA:152,4
DA:154,4
DA:157,4
LF:70
LH:70
end_of_record
SF:lib\screens\profile\profile_overview.dart
DA:8,2
DA:10,2
DA:12,2
DA:13,2
DA:14,4
DA:17,2
DA:18,2
DA:20,6
DA:24,0
DA:27,4
LF:10
LH:9
end_of_record
SF:lib\screens\search\result_search_screen.dart
DA:20,2
DA:22,2
DA:23,2
DA:29,2
DA:31,2
DA:32,2
DA:33,4
DA:36,2
DA:37,2
DA:39,6
DA:43,0
DA:45,2
DA:47,2
DA:50,6
DA:56,2
DA:57,6
DA:58,2
DA:59,2
DA:60,2
DA:62,2
DA:63,2
DA:65,2
DA:66,2
DA:68,2
DA:75,2
DA:76,2
DA:77,2
DA:78,2
DA:81,2
DA:82,2
DA:83,2
DA:84,2
DA:85,10
DA:86,8
DA:87,2
DA:88,2
DA:89,2
DA:90,2
DA:91,2
DA:92,8
DA:93,8
DA:94,8
DA:99,2
DA:100,2
DA:101,2
DA:102,2
DA:104,2
DA:105,2
DA:106,10
DA:114,2
DA:115,8
DA:116,2
DA:119,2
DA:121,2
DA:125,10
DA:126,8
DA:135,2
DA:136,2
DA:137,2
DA:138,2
DA:139,8
DA:140,2
DA:141,2
DA:147,2
DA:148,2
DA:150,2
DA:152,8
DA:155,4
DA:157,8
DA:163,2
DA:164,2
DA:165,6
DA:166,0
DA:167,0
DA:168,0
DA:169,0
DA:170,0
DA:171,0
DA:172,0
DA:173,0
DA:174,0
DA:177,0
LF:82
LH:71
end_of_record
