SF:lib\entities\conversation_entity.dart
DA:7,2
DA:15,2
DA:18,3
DA:19,4
DA:20,7
DA:23,1
DA:24,2
DA:25,2
DA:28,2
DA:29,4
DA:31,1
DA:32,2
DA:36,2
DA:37,10
DA:40,2
DA:41,8
DA:44,10
DA:47,12
DA:50,2
DA:51,2
DA:52,2
DA:54,2
DA:58,2
DA:59,8
DA:60,2
DA:62,5
DA:65,4
LF:27
LH:27
end_of_record
SF:lib\entities\message_entity.dart
DA:8,1
LF:1
LH:1
end_of_record
SF:lib\entities\profile_entity.dart
DA:22,2
DA:26,2
DA:27,2
DA:29,4
DA:31,4
DA:32,10
DA:33,4
DA:35,2
DA:37,6
DA:38,6
DA:41,1
DA:43,1
DA:44,1
DA:46,2
DA:47,2
DA:50,0
DA:51,0
DA:52,0
DA:53,0
DA:55,0
DA:56,0
DA:58,0
DA:60,0
DA:68,1
DA:71,1
DA:74,1
DA:75,1
DA:76,1
DA:77,1
DA:79,1
DA:82,1
DA:83,2
DA:84,1
DA:85,1
DA:91,1
DA:92,1
DA:93,1
DA:95,1
DA:98,1
DA:99,2
DA:100,1
DA:101,1
DA:107,1
DA:108,1
DA:109,1
DA:111,1
DA:114,1
DA:115,1
DA:116,1
DA:117,1
DA:123,1
DA:124,1
DA:125,1
DA:127,1
DA:130,1
DA:131,1
DA:132,1
DA:133,1
DA:142,1
DA:145,1
DA:146,1
DA:147,1
DA:148,1
DA:150,1
DA:153,1
DA:154,2
DA:155,1
DA:156,1
DA:162,1
DA:163,1
DA:164,1
DA:165,1
DA:167,1
DA:170,1
DA:171,2
DA:172,1
DA:173,1
DA:179,1
DA:180,1
DA:181,1
DA:182,1
DA:184,1
DA:187,1
DA:188,1
DA:189,2
DA:190,1
DA:191,1
DA:198,1
DA:199,1
DA:200,1
DA:201,1
DA:203,1
DA:206,1
DA:207,1
DA:208,3
DA:209,1
DA:210,1
DA:222,0
LF:98
LH:89
end_of_record
SF:lib\entities\profile_search_entity.dart
DA:14,2
DA:16,1
DA:17,2
DA:18,2
DA:19,2
DA:20,2
DA:21,1
DA:22,1
DA:23,1
DA:26,0
DA:27,0
DA:28,0
DA:29,0
DA:30,0
DA:31,0
DA:32,0
DA:33,0
DA:34,0
DA:39,1
DA:40,1
DA:41,3
DA:42,2
DA:43,1
DA:44,3
DA:45,3
DA:50,1
DA:56,1
DA:58,2
DA:60,1
DA:61,2
DA:62,3
DA:63,2
DA:66,1
DA:68,1
DA:69,1
DA:70,2
DA:71,2
DA:76,1
DA:78,1
DA:79,2
DA:80,1
DA:81,1
DA:82,1
DA:83,1
DA:85,1
DA:90,2
DA:91,1
DA:92,1
DA:94,1
DA:96,1
DA:108,0
LF:51
LH:41
end_of_record
SF:lib\main.dart
DA:12,3
DA:14,0
DA:16,0
DA:17,0
DA:19,0
DA:23,0
DA:24,0
DA:25,0
DA:29,2
DA:31,0
DA:32,0
DA:38,0
DA:40,0
DA:41,0
DA:42,0
DA:49,0
DA:50,0
DA:53,0
DA:54,0
DA:57,0
DA:58,0
DA:59,0
DA:63,0
DA:65,0
DA:67,0
DA:69,0
DA:74,0
DA:77,0
DA:78,0
DA:79,0
DA:80,0
DA:81,0
DA:82,0
LF:33
LH:2
end_of_record
SF:lib\screens\messages\message_screen.dart
DA:15,1
DA:16,1
DA:18,3
DA:24,1
DA:26,2
DA:27,0
DA:28,0
DA:29,0
DA:30,0
DA:31,0
DA:32,0
DA:34,0
DA:35,0
DA:36,0
DA:38,0
DA:39,0
DA:40,0
DA:41,0
DA:44,0
DA:46,0
DA:47,0
DA:51,0
DA:52,0
DA:53,0
DA:55,0
DA:56,0
DA:57,0
DA:58,0
DA:61,0
DA:63,0
DA:64,0
DA:70,1
DA:72,1
DA:73,1
DA:75,1
DA:76,1
DA:77,1
DA:78,1
DA:80,3
DA:86,1
DA:88,1
DA:89,1
DA:90,1
DA:91,1
DA:92,1
DA:95,3
DA:107,1
DA:108,1
DA:109,2
DA:111,1
DA:116,1
DA:118,1
DA:119,1
DA:122,0
DA:123,0
DA:124,0
DA:125,0
DA:126,0
DA:127,0
DA:128,0
DA:129,0
DA:130,0
DA:131,0
DA:132,0
DA:134,0
DA:135,0
DA:136,0
DA:139,0
DA:140,0
DA:141,0
DA:146,1
DA:148,1
DA:150,1
DA:152,1
DA:153,1
DA:154,3
DA:156,1
DA:157,1
DA:159,1
DA:161,1
DA:162,1
DA:163,1
DA:169,1
DA:170,1
DA:171,3
DA:172,1
DA:173,3
DA:178,1
DA:180,1
DA:181,4
DA:188,1
DA:190,1
DA:191,1
DA:192,3
DA:194,1
DA:195,1
DA:197,1
DA:199,1
DA:200,1
DA:201,1
DA:207,1
DA:208,1
DA:209,3
DA:210,1
DA:211,3
DA:216,1
DA:218,1
DA:219,4
DA:227,1
DA:228,1
DA:229,1
DA:231,0
DA:232,0
DA:233,0
DA:235,0
DA:236,0
DA:237,0
DA:239,0
DA:240,0
DA:242,0
DA:243,0
DA:244,0
DA:248,1
DA:250,1
DA:251,1
DA:252,3
DA:254,1
DA:255,1
DA:257,1
DA:259,1
DA:260,1
DA:261,1
DA:267,1
DA:268,1
DA:269,4
DA:270,3
DA:275,1
DA:277,1
DA:278,4
LF:139
LH:85
end_of_record
SF:lib\screens\messages\single_conversation_screen.dart
DA:21,1
DA:24,1
DA:26,1
DA:33,1
DA:34,1
DA:35,2
DA:36,1
DA:40,1
DA:42,1
DA:43,1
DA:46,0
DA:47,0
DA:48,0
DA:49,0
DA:50,0
DA:55,1
DA:57,1
DA:58,1
DA:59,2
DA:62,1
DA:63,0
DA:65,0
DA:66,0
DA:68,1
DA:69,1
DA:70,2
DA:71,1
DA:72,1
DA:73,1
DA:74,1
DA:76,3
DA:80,0
DA:82,1
DA:85,4
DA:86,3
DA:87,1
DA:88,1
DA:89,3
DA:90,1
DA:91,3
DA:99,1
DA:100,1
DA:101,2
DA:102,1
DA:104,3
DA:108,0
DA:110,0
DA:112,0
DA:113,0
DA:116,0
DA:118,0
DA:120,0
DA:121,0
DA:122,0
DA:123,0
DA:124,0
DA:125,0
DA:126,0
DA:132,0
DA:133,0
DA:135,0
DA:137,0
DA:142,0
DA:144,0
DA:150,0
DA:151,0
DA:152,0
DA:153,0
DA:155,0
DA:156,0
DA:157,0
DA:158,0
DA:159,0
DA:160,0
DA:162,0
DA:163,0
DA:165,0
DA:166,0
DA:169,0
DA:180,0
DA:181,0
DA:182,0
DA:184,0
DA:185,0
DA:188,0
DA:190,0
DA:191,0
DA:194,0
DA:196,0
DA:197,0
DA:204,1
DA:205,1
DA:206,1
DA:207,1
DA:208,1
DA:209,1
DA:210,1
DA:216,3
DA:217,2
DA:218,6
DA:219,2
DA:221,1
DA:222,1
DA:223,1
DA:224,1
DA:226,1
DA:227,2
DA:234,1
DA:235,1
DA:238,1
DA:240,1
DA:241,1
DA:242,1
DA:244,1
DA:245,1
DA:246,1
DA:249,1
DA:251,1
DA:252,2
DA:253,1
DA:257,1
DA:261,1
DA:262,2
DA:270,1
DA:272,1
DA:275,1
DA:277,1
DA:279,0
DA:281,0
DA:282,0
DA:283,0
DA:284,0
DA:285,0
DA:286,0
DA:287,0
DA:289,0
DA:291,0
DA:293,0
DA:313,1
DA:315,6
DA:316,0
DA:318,4
DA:319,3
DA:323,1
DA:324,1
DA:325,1
DA:327,1
DA:329,1
DA:331,1
DA:332,1
DA:335,1
DA:337,1
DA:339,1
DA:340,1
DA:341,1
DA:347,1
DA:348,2
DA:358,1
DA:360,1
DA:362,1
DA:364,1
DA:365,1
DA:368,1
DA:370,1
DA:372,1
DA:373,1
DA:374,1
DA:380,1
DA:381,2
LF:169
LH:103
end_of_record
SF:lib\screens\search\saved_search_screen.dart
DA:17,4
DA:19,1
DA:20,1
DA:24,1
DA:26,1
DA:27,1
DA:28,2
DA:31,1
DA:32,1
DA:34,3
DA:38,0
DA:40,1
DA:42,1
DA:45,3
DA:51,1
DA:54,1
DA:55,2
DA:56,0
DA:57,0
DA:58,0
DA:59,0
DA:60,0
DA:62,0
DA:63,0
DA:65,0
DA:66,0
DA:68,0
DA:73,1
DA:75,1
DA:76,1
DA:78,1
DA:79,1
DA:80,2
DA:81,1
DA:83,4
DA:89,1
DA:91,1
DA:92,1
DA:93,1
DA:94,2
DA:95,1
DA:98,4
DA:111,1
DA:112,1
DA:113,1
DA:114,1
DA:115,3
DA:116,1
DA:119,0
DA:120,0
DA:121,0
DA:122,0
DA:125,0
DA:126,0
DA:127,0
DA:128,0
DA:129,0
DA:130,0
DA:132,0
DA:134,0
DA:135,0
DA:139,0
DA:140,0
DA:142,0
DA:143,0
DA:144,0
DA:145,0
DA:146,0
DA:147,0
DA:149,0
DA:150,0
DA:151,0
DA:152,0
DA:154,0
DA:155,0
DA:158,0
DA:159,0
DA:160,0
DA:162,0
DA:163,0
DA:164,0
DA:165,0
DA:167,0
DA:168,0
DA:179,0
DA:180,0
DA:182,0
DA:188,0
DA:191,0
DA:199,0
DA:200,0
DA:201,0
DA:202,0
DA:204,0
DA:205,0
DA:207,0
DA:208,0
DA:210,0
DA:211,0
DA:212,0
DA:213,0
DA:218,0
DA:219,0
DA:220,0
DA:221,0
DA:222,0
DA:228,0
DA:229,0
DA:230,0
DA:231,0
DA:232,0
DA:241,0
DA:242,0
DA:243,0
DA:244,0
DA:245,0
DA:246,0
DA:248,0
DA:250,0
LF:119
LH:37
end_of_record
SF:lib\utils\backend\authorization_backend.dart
DA:5,1
DA:8,4
DA:9,1
DA:15,1
DA:17,3
DA:22,1
DA:26,1
DA:28,3
DA:33,1
DA:37,1
DA:38,3
DA:39,5
LF:12
LH:12
end_of_record
SF:lib\utils\backend\message_backend.dart
DA:10,2
DA:12,2
DA:14,8
DA:16,4
DA:17,1
DA:19,0
DA:21,1
DA:23,0
DA:25,1
DA:28,1
DA:32,1
DA:33,1
DA:34,3
DA:35,3
DA:36,3
DA:37,3
DA:38,4
DA:42,1
DA:43,2
DA:44,2
DA:45,3
DA:53,1
DA:55,2
DA:56,2
DA:57,3
DA:59,3
DA:60,3
DA:61,0
DA:68,2
DA:69,3
DA:71,6
DA:72,3
DA:76,0
DA:77,0
DA:78,0
DA:79,0
DA:83,2
DA:84,3
DA:86,6
DA:87,3
DA:91,0
DA:92,0
DA:93,0
DA:94,0
DA:98,0
DA:102,0
DA:103,0
DA:104,0
DA:105,0
DA:106,0
DA:108,0
DA:109,0
DA:110,0
DA:111,0
DA:112,0
DA:113,0
DA:114,0
DA:120,2
DA:124,8
DA:126,4
DA:127,1
DA:129,0
DA:131,1
DA:133,0
DA:135,1
DA:138,1
DA:142,1
DA:144,1
DA:147,1
DA:148,2
DA:149,2
LF:71
LH:45
end_of_record
SF:lib\utils\backend\profile_backend.dart
DA:4,1
DA:5,1
DA:6,1
DA:7,1
DA:8,1
DA:9,1
DA:10,1
DA:11,1
DA:12,2
DA:13,2
DA:14,2
DA:15,1
DA:19,2
DA:22,8
DA:24,1
DA:26,2
DA:27,6
DA:31,1
DA:32,4
DA:35,2
DA:38,8
DA:39,1
DA:40,1
DA:41,0
DA:45,1
DA:49,2
DA:52,8
DA:53,1
DA:54,1
DA:55,0
DA:59,1
LF:31
LH:29
end_of_record
SF:lib\utils\backend\profile_search_backend.dart
DA:11,0
DA:14,0
DA:15,0
DA:16,0
DA:18,0
DA:19,0
DA:21,0
DA:22,0
DA:25,0
DA:26,0
DA:28,0
DA:29,0
DA:31,0
DA:32,0
DA:34,0
DA:35,0
DA:38,0
DA:39,0
DA:41,0
DA:46,0
DA:48,0
DA:50,0
DA:51,0
DA:57,0
DA:64,2
DA:67,8
DA:69,1
DA:70,1
DA:71,0
DA:76,1
DA:80,1
DA:81,1
DA:82,3
DA:83,3
DA:84,4
DA:85,4
DA:86,4
DA:87,4
DA:88,3
DA:92,1
DA:93,1
DA:94,2
DA:95,1
LF:43
LH:18
end_of_record
SF:lib\utils\colors.dart
DA:5,2
DA:7,4
DA:10,2
DA:12,12
DA:13,2
DA:16,2
DA:20,0
DA:25,0
LF:8
LH:6
end_of_record
SF:lib\utils\data.dart
DA:1,6
DA:81,3
DA:82,3
DA:83,1
DA:96,1
DA:146,1
DA:153,1
DA:163,1
DA:226,1
DA:243,1
DA:255,1
DA:256,1
DA:323,1
DA:335,1
DA:403,1
DA:409,1
DA:412,1
DA:414,1
DA:415,1
DA:439,1
DA:444,1
DA:463,1
DA:466,1
DA:476,1
DA:483,1
DA:488,1
DA:490,1
DA:497,1
DA:513,1
DA:516,1
DA:517,1
DA:518,1
DA:521,1
DA:529,1
DA:531,1
DA:533,1
DA:537,1
DA:541,1
DA:550,1
DA:554,1
DA:557,1
DA:560,1
DA:563,1
DA:569,1
DA:572,1
DA:575,1
DA:576,1
DA:591,1
DA:604,1
DA:606,1
DA:623,1
DA:626,1
DA:629,1
DA:636,1
DA:643,1
DA:706,1
DA:723,1
DA:728,1
DA:730,1
DA:737,1
DA:738,1
DA:757,1
DA:769,1
DA:773,1
DA:777,1
DA:781,1
DA:794,1
DA:795,1
DA:797,1
DA:803,1
DA:814,1
DA:815,1
DA:839,1
DA:844,1
DA:866,1
DA:873,1
DA:883,1
DA:888,1
DA:893,1
DA:897,1
DA:904,1
DA:917,1
DA:920,1
DA:933,1
DA:937,1
DA:938,1
DA:941,1
DA:948,1
DA:954,1
DA:955,1
DA:957,1
DA:963,1
DA:966,1
DA:967,1
DA:968,1
DA:970,1
DA:973,1
DA:977,1
DA:978,1
DA:981,1
DA:984,1
DA:988,1
DA:989,1
DA:993,1
DA:996,1
DA:997,1
DA:998,1
DA:1000,1
DA:1001,1
DA:1007,1
DA:1008,1
DA:1009,1
DA:1010,1
DA:1011,1
DA:1012,1
DA:1013,1
DA:1014,1
DA:1016,1
DA:1017,1
DA:1018,1
DA:1019,1
DA:1021,1
DA:1024,1
DA:1028,1
DA:1030,1
DA:1034,1
DA:1035,1
DA:1037,1
DA:1040,1
DA:1043,1
DA:1044,1
DA:1046,1
DA:1050,1
DA:1057,1
DA:1058,1
DA:1073,1
DA:1075,1
DA:1078,1
DA:1081,1
DA:1087,1
DA:1089,1
DA:1090,1
DA:1098,1
DA:1099,1
DA:1101,1
DA:1104,1
DA:1108,1
DA:1110,1
DA:1115,1
DA:1120,1
DA:1123,1
DA:1129,1
DA:1132,1
DA:1134,1
DA:1135,1
DA:1136,1
DA:1159,1
DA:1164,1
DA:1186,1
DA:1196,1
DA:1203,1
DA:1212,1
DA:1215,1
DA:1216,1
DA:1266,1
DA:1283,1
DA:1363,1
DA:1426,1
DA:1433,1
DA:1443,1
DA:1455,1
DA:1506,1
DA:1513,1
DA:1523,1
DA:1603,1
DA:1683,1
DA:1694,1
DA:1695,1
DA:1746,1
DA:1753,1
DA:1763,1
DA:1843,1
DA:1873,1
DA:1898,1
DA:1923,1
DA:2003,1
DA:2015,1
DA:2083,1
DA:2095,1
DA:2163,1
DA:2204,1
DA:2226,1
DA:2233,1
DA:2243,1
DA:2250,1
DA:2293,1
DA:2323,1
DA:2403,1
DA:2409,1
DA:2415,1
DA:2416,1
DA:2426,1
DA:2443,1
DA:2473,1
DA:2483,1
DA:2563,1
DA:2576,1
DA:2643,1
DA:2649,1
DA:2655,1
DA:2709,1
DA:2713,1
DA:2723,1
DA:2729,1
DA:2732,1
DA:2734,1
DA:2735,1
DA:2793,1
DA:2796,1
DA:2803,1
DA:2809,1
DA:2815,1
DA:2816,1
DA:2844,1
DA:2873,1
DA:2876,1
DA:2883,1
DA:2888,1
DA:2893,1
DA:2897,1
DA:2933,1
DA:2941,1
DA:2954,1
DA:2957,1
DA:2963,1
DA:2974,1
DA:2975,1
DA:3026,1
DA:3043,1
DA:3049,1
DA:3055,1
DA:3056,1
DA:3123,1
DA:3203,1
DA:3233,1
DA:3249,1
DA:3283,1
DA:3288,1
DA:3290,1
DA:3293,1
DA:3297,1
DA:3310,1
DA:3318,1
DA:3333,1
DA:3337,1
DA:3354,1
DA:3363,1
DA:3443,1
DA:3450,1
DA:3514,1
DA:3523,1
DA:3535,1
DA:3536,1
DA:3586,1
DA:3593,1
DA:3603,1
DA:3615,1
DA:3666,1
DA:3683,1
DA:3689,1
DA:3692,1
DA:3695,1
DA:3696,1
DA:3723,1
DA:3756,1
DA:3763,1
DA:3775,1
DA:3776,1
DA:3843,1
DA:3849,1
DA:3855,1
DA:3903,1
DA:3906,1
DA:3918,1
DA:3923,1
DA:3935,1
DA:4003,1
DA:4009,1
DA:4012,1
DA:4014,1
DA:4015,1
DA:4031,1
DA:4039,1
DA:4044,1
DA:4063,1
DA:4073,1
DA:4076,1
DA:4083,1
DA:4095,1
DA:4163,1
DA:4243,1
DA:4255,1
DA:4323,1
DA:4329,1
DA:4332,1
DA:4334,1
DA:4335,1
DA:4364,1
DA:4393,1
DA:4396,1
DA:4403,1
DA:4414,1
DA:4415,1
DA:4416,1
DA:4426,1
DA:4466,1
DA:4473,1
DA:4483,1
DA:4495,1
DA:4496,1
DA:4546,1
DA:4553,1
DA:4563,1
DA:4633,1
DA:4643,1
DA:4649,1
DA:4652,1
DA:4654,1
DA:4655,1
DA:4656,1
DA:4679,1
DA:4703,1
DA:4706,1
DA:4713,1
DA:4716,1
DA:4723,1
DA:4803,1
DA:4808,1
DA:4810,1
DA:4851,1
DA:4853,1
DA:4861,1
DA:4877,1
DA:4880,1
DA:4883,1
DA:4895,1
DA:4896,1
DA:4946,1
DA:4963,1
DA:5043,1
DA:5044,1
DA:5045,1
DA:5048,1
DA:5050,1
DA:5051,1
DA:5053,1
DA:5057,1
DA:5058,1
DA:5060,1
DA:5061,1
DA:5064,1
DA:5070,1
DA:5080,1
DA:5087,1
DA:5088,1
DA:5091,1
DA:5098,1
DA:5099,1
DA:5101,1
DA:5104,1
DA:5108,1
DA:5111,1
DA:5115,1
DA:5117,1
DA:5120,1
DA:5123,1
DA:5203,1
DA:5214,1
DA:5215,1
DA:5216,1
DA:5266,1
DA:5273,1
DA:5280,1
DA:5283,1
DA:5290,1
DA:5316,1
DA:5354,1
DA:5360,1
DA:5363,1
DA:5369,1
DA:5375,1
DA:5376,1
DA:5433,1
DA:5443,1
DA:5506,1
DA:5513,1
DA:5523,1
DA:5603,1
DA:5604,1
DA:5613,1
DA:5620,1
DA:5621,1
DA:5624,1
DA:5630,1
DA:5633,1
DA:5636,1
DA:5637,1
DA:5638,1
DA:5647,1
DA:5653,1
DA:5657,1
DA:5658,1
DA:5659,1
DA:5660,1
DA:5661,1
DA:5668,1
DA:5670,1
DA:5671,1
DA:5674,1
DA:5675,1
DA:5681,1
DA:5683,1
DA:5689,1
DA:5692,1
DA:5694,1
DA:5695,1
DA:5719,1
DA:5724,1
DA:5726,1
DA:5749,1
DA:5753,1
DA:5756,1
DA:5763,1
DA:5772,1
DA:5774,1
DA:5775,1
DA:5776,1
DA:5826,1
DA:5833,1
DA:5843,1
DA:5848,1
DA:5850,1
DA:5857,1
DA:5877,1
DA:5878,1
DA:5889,1
DA:5893,1
DA:5897,1
DA:5901,1
DA:5914,1
DA:5917,1
DA:5920,1
DA:5923,1
DA:5929,1
DA:5932,1
DA:5934,1
DA:5935,1
DA:5959,1
DA:5983,1
DA:5986,1
DA:5996,1
DA:6003,1
DA:6051,1
DA:6083,1
DA:6163,1
DA:6169,1
DA:6175,1
DA:6176,1
DA:6223,1
DA:6226,1
DA:6228,1
DA:6229,1
DA:6236,1
DA:6243,1
DA:6313,1
DA:6324,3
DA:6325,1
DA:6354,1
DA:6366,1
DA:6416,1
DA:6519,1
DA:6713,1
DA:6804,1
DA:6907,1
DA:6998,1
DA:7101,1
DA:7192,1
DA:7295,1
DA:7386,1
DA:7489,1
DA:7580,1
DA:7683,1
DA:7877,1
DA:7906,1
DA:8071,1
DA:8265,1
DA:8459,1
DA:8550,1
DA:8653,1
DA:8694,1
DA:8847,1
DA:8888,1
DA:9041,1
DA:9132,1
DA:9235,1
DA:9276,1
DA:9326,1
DA:9429,1
DA:9520,1
DA:9623,1
DA:9714,1
DA:9817,1
DA:10011,1
DA:10205,1
DA:10296,1
DA:10399,1
DA:10490,1
DA:10593,1
DA:10787,1
DA:10878,1
DA:10981,1
DA:11022,1
DA:11072,1
DA:11175,1
DA:11266,1
DA:11369,1
DA:11563,1
DA:11757,1
DA:11758,1
DA:11766,1
DA:11789,1
DA:11793,1
DA:11835,1
DA:11836,1
DA:11883,1
DA:11884,1
DA:11887,1
DA:11951,1
DA:12145,1
DA:12339,1
DA:12368,1
DA:12533,1
DA:12727,1
DA:12803,1
DA:12811,1
DA:12829,1
DA:12881,1
DA:12890,1
DA:12921,1
DA:13115,1
DA:13144,1
DA:13156,1
DA:13167,1
DA:13309,1
DA:13400,1
DA:13503,1
DA:13697,1
DA:13891,1
DA:14085,1
DA:14086,1
DA:14098,1
DA:14099,1
DA:14101,1
DA:14110,1
DA:14121,1
DA:14136,1
DA:14139,1
DA:14142,1
DA:14150,1
DA:14161,1
DA:14162,1
DA:14163,1
DA:14164,1
DA:14166,1
DA:14174,1
DA:14175,1
DA:14181,1
DA:14187,1
DA:14195,1
DA:14198,1
DA:14202,1
DA:14207,1
DA:14210,1
DA:14211,1
DA:14212,1
DA:14214,1
DA:14215,1
DA:14224,1
DA:14226,1
DA:14234,1
DA:14239,1
DA:14244,1
DA:14245,1
DA:14246,1
DA:14248,1
DA:14249,1
DA:14253,1
DA:14254,1
DA:14256,1
DA:14262,1
DA:14263,1
DA:14271,1
DA:14275,1
DA:14277,1
DA:14279,1
DA:14473,1
DA:14564,1
DA:14667,1
DA:14758,1
DA:14861,1
DA:15055,1
DA:15107,1
DA:15249,1
DA:15443,1
DA:15637,1
DA:15831,1
DA:15922,1
DA:16025,1
DA:16066,1
DA:16116,1
DA:16219,1
DA:16255,1
DA:16265,1
DA:16282,1
DA:16310,1
DA:16311,1
DA:16325,1
DA:16360,1
DA:16400,1
DA:16413,1
DA:16504,1
DA:16607,1
DA:16648,1
DA:16801,1
DA:16995,1
DA:17189,1
DA:17230,1
DA:17383,1
DA:17577,1
DA:17771,1
DA:17965,1
DA:18159,1
DA:18353,1
DA:18405,1
DA:18444,1
DA:18547,1
DA:18741,1
DA:18782,1
DA:18935,1
DA:19026,1
DA:19129,1
DA:19220,1
DA:19323,1
DA:19414,1
DA:19517,1
DA:19711,1
DA:19905,1
DA:19996,1
DA:20099,1
DA:20190,1
DA:20293,1
DA:20384,1
DA:20487,1
DA:20681,1
DA:20875,1
DA:20909,1
DA:20916,1
DA:21069,1
DA:21110,1
DA:21263,1
DA:21292,1
DA:21304,1
DA:21410,1
DA:21411,1
DA:21457,1
DA:21486,1
DA:21498,1
DA:21548,1
DA:21600,1
DA:21601,1
DA:21602,1
DA:21605,1
DA:21651,1
DA:21845,1
DA:21886,1
DA:21936,1
DA:22039,1
DA:22233,1
DA:22427,1
DA:22461,1
DA:22621,1
DA:22784,1
DA:22815,1
DA:23009,1
DA:23203,1
DA:23397,1
DA:23438,1
DA:23488,1
DA:23591,1
DA:23632,1
DA:23785,1
DA:23786,1
DA:23788,1
DA:23789,1
DA:23790,1
DA:23791,1
DA:23792,1
DA:23797,1
DA:23800,1
DA:23801,1
DA:23802,1
DA:23803,1
DA:23806,1
DA:23807,1
DA:23809,1
DA:23810,1
DA:23811,1
DA:23822,1
DA:23828,1
DA:23829,1
DA:23835,1
DA:23836,1
DA:23837,1
DA:23838,1
DA:23848,1
DA:23851,1
DA:23852,1
DA:23853,1
DA:23856,1
DA:23857,1
DA:23858,1
DA:23864,1
DA:23866,1
DA:23874,1
DA:23877,1
DA:23878,1
DA:23880,1
DA:23881,1
DA:23892,1
DA:23894,1
DA:23896,1
DA:23899,1
DA:23900,1
DA:23901,1
DA:23903,1
DA:23908,1
DA:23910,1
DA:23911,1
DA:23912,1
DA:23914,1
DA:23917,1
DA:23923,1
DA:23924,1
DA:23933,1
DA:23934,1
DA:23947,1
DA:23949,1
DA:23953,1
DA:23961,1
DA:23962,1
DA:23966,1
DA:23970,1
DA:23973,1
DA:23975,1
DA:23977,1
DA:23979,1
DA:24031,1
DA:24070,1
DA:24173,1
DA:24264,1
DA:24367,1
DA:24561,1
DA:24652,1
DA:24755,1
DA:24796,1
DA:24846,1
DA:24877,1
DA:24949,1
DA:25143,1
DA:25337,1
DA:25531,1
DA:25725,1
DA:25919,1
DA:25953,1
DA:25960,1
DA:26113,1
DA:26307,1
DA:26501,1
DA:26695,1
DA:26747,1
DA:26889,1
DA:26980,1
DA:27083,1
DA:27277,1
DA:27368,1
DA:27471,1
DA:27512,1
DA:27665,1
DA:27756,1
DA:27859,1
DA:28053,1
DA:28094,1
DA:28247,1
DA:28338,1
DA:28441,1
DA:28532,1
DA:28635,1
DA:28726,1
DA:28829,1
DA:28870,1
DA:29023,1
DA:29114,1
DA:29217,1
DA:29411,1
DA:29605,1
DA:29799,1
DA:29840,1
DA:29895,1
DA:29993,1
DA:30084,1
DA:30187,1
DA:30381,1
DA:30422,1
DA:30472,1
DA:30575,1
DA:30604,1
DA:30616,1
DA:30666,1
DA:30769,1
DA:30798,1
DA:30810,1
DA:30860,1
DA:30963,1
DA:31157,1
DA:31198,1
DA:31248,1
DA:31351,1
DA:31380,1
DA:31392,1
DA:31545,1
DA:31739,1
DA:31830,1
DA:31933,1
DA:32127,1
DA:32321,1
DA:32515,1
DA:32709,1
DA:32903,1
DA:32994,1
DA:33097,1
DA:33138,1
DA:33188,1
DA:33291,1
DA:33485,1
DA:33526,1
DA:33537,1
DA:33632,1
DA:33679,1
DA:33873,1
DA:33952,1
DA:34022,1
DA:34067,1
DA:34146,1
DA:34216,1
DA:34261,1
DA:34340,1
DA:34410,1
DA:34455,1
DA:34649,1
DA:34727,1
DA:34790,1
DA:34798,1
DA:34812,1
DA:34841,1
DA:34843,1
DA:34921,1
DA:34922,1
DA:34934,1
DA:35037,1
DA:35078,1
DA:35128,1
DA:35180,1
DA:35181,1
DA:35182,1
DA:35184,1
DA:35231,1
DA:35425,1
DA:35619,1
DA:35813,1
DA:36007,1
DA:36041,1
DA:36048,1
DA:36201,1
DA:36395,1
DA:36589,1
DA:36783,1
DA:36977,1
DA:37018,1
DA:37171,1
DA:37212,1
DA:37365,1
DA:37406,1
DA:37559,1
DA:37650,1
DA:37753,1
DA:37787,1
DA:37794,1
DA:37838,1
DA:37900,1
DA:37947,1
DA:37988,1
DA:38038,1
DA:38141,1
DA:38335,1
DA:38529,1
DA:38723,1
DA:38764,1
DA:38814,1
DA:38917,1
DA:38958,1
DA:39111,1
DA:39305,1
DA:39346,1
DA:39499,1
DA:39693,1
DA:39887,1
DA:40081,1
DA:40275,1
DA:40366,1
DA:40469,1
DA:40510,1
DA:40560,1
DA:40663,1
DA:40704,1
DA:40857,1
DA:41051,1
DA:41245,1
DA:41297,1
DA:41336,1
DA:41439,1
DA:41633,1
DA:41827,1
DA:42021,1
DA:42112,1
DA:42215,1
DA:42256,1
DA:42409,1
DA:42603,1
DA:42694,1
DA:42797,1
DA:42991,1
DA:43032,1
DA:43082,1
DA:43185,1
DA:43379,1
DA:43420,1
DA:43470,1
DA:43526,1
DA:43574,3
DA:43575,1
DA:43650,1
DA:43725,1
DA:43800,1
DA:43875,1
DA:43950,1
DA:44025,1
DA:44100,1
DA:44175,1
DA:44250,1
DA:44325,1
DA:44400,1
DA:44475,1
DA:44550,1
DA:44625,1
DA:44700,1
DA:44775,1
DA:44850,1
DA:44925,1
DA:45000,1
DA:45075,1
DA:45150,1
DA:45225,1
DA:45300,1
DA:45375,1
DA:45415,1
DA:45450,1
DA:45525,1
DA:45600,1
DA:45675,1
DA:45750,1
DA:45825,1
DA:45900,1
DA:45975,1
DA:46050,1
DA:46125,1
DA:46200,1
DA:46275,1
DA:46350,1
DA:46425,1
DA:46500,1
DA:46525,1
DA:46575,1
DA:46650,1
DA:46725,1
DA:46800,1
DA:46875,1
DA:46950,1
DA:47025,1
DA:47100,1
DA:47175,1
DA:47250,1
DA:47325,1
DA:47400,1
DA:47475,1
DA:47550,1
DA:47625,1
DA:47700,1
DA:47775,1
DA:47850,1
DA:47925,1
DA:48000,1
DA:48075,1
DA:48150,1
DA:48225,1
DA:48300,1
DA:48375,1
DA:48450,1
DA:48525,1
DA:48600,1
DA:48675,1
DA:48750,1
DA:48825,1
DA:48900,1
DA:48975,1
DA:49051,3
DA:51797,3
DA:51991,6
DA:52066,6
DA:52085,6
DA:52086,2
DA:52092,2
DA:52095,2
DA:52097,2
DA:52098,2
DA:52099,2
DA:52149,2
DA:52156,2
DA:52166,2
DA:52175,2
DA:52178,2
DA:52179,2
DA:52214,2
DA:52240,2
DA:52246,2
DA:52252,2
DA:52255,2
DA:52257,2
DA:52258,2
DA:52259,2
DA:52266,2
DA:52269,2
DA:52277,2
DA:52282,2
DA:52289,2
DA:52309,2
DA:52316,2
DA:52326,2
DA:52331,2
DA:52333,2
DA:52349,2
DA:52359,2
DA:52360,2
DA:52364,2
DA:52366,2
DA:52376,2
DA:52397,2
DA:52403,2
DA:52406,2
DA:52417,2
DA:52418,2
DA:52419,2
DA:52429,2
DA:52469,2
DA:52476,2
DA:52486,2
DA:52495,2
DA:52497,2
DA:52498,2
DA:52499,2
DA:52549,2
DA:52556,2
DA:52566,2
DA:52575,2
DA:52578,2
DA:52579,2
DA:52587,2
DA:52589,2
DA:52599,2
DA:52606,2
DA:52616,2
DA:52629,2
DA:52633,2
DA:52646,2
DA:52657,2
DA:52658,2
DA:52659,2
DA:52669,2
DA:52709,2
DA:52716,2
DA:52726,2
DA:52806,2
DA:52817,2
DA:52818,2
DA:52819,2
DA:52829,2
DA:52846,2
DA:52869,2
DA:52876,2
DA:52886,2
DA:52897,2
DA:52898,2
DA:52899,2
DA:52909,2
DA:52949,2
DA:52956,2
DA:52966,2
DA:52972,2
DA:52975,2
DA:52977,2
DA:52978,2
DA:52979,2
DA:52989,2
DA:52994,2
DA:52997,2
DA:53007,2
DA:53009,2
DA:53029,2
DA:53036,2
DA:53046,2
DA:53052,2
DA:53055,2
DA:53057,2
DA:53058,2
DA:53087,2
DA:53116,2
DA:53119,2
DA:53126,2
DA:53138,2
DA:53206,2
DA:53218,2
DA:53286,2
DA:53298,2
DA:53349,2
DA:53356,2
LF:1154
LH:1154
end_of_record
SF:lib\utils\misc_functions.dart
DA:11,1
DA:12,2
DA:15,3
DA:16,3
DA:17,2
DA:20,1
DA:21,1
DA:24,1
DA:25,1
DA:26,1
DA:30,1
DA:31,1
DA:32,1
DA:36,1
DA:37,1
DA:40,1
DA:41,1
DA:42,2
DA:43,2
DA:44,1
DA:46,1
DA:52,0
DA:53,0
DA:55,0
DA:62,1
DA:63,1
DA:64,2
DA:65,2
DA:69,1
DA:74,0
DA:75,0
DA:78,2
DA:79,6
DA:80,4
DA:84,0
DA:87,1
DA:88,1
DA:90,1
DA:91,1
DA:92,1
DA:93,1
DA:94,1
DA:95,1
DA:96,1
DA:97,1
DA:98,1
DA:99,1
DA:101,0
DA:102,0
DA:112,1
DA:113,1
DA:115,1
DA:116,1
DA:117,1
DA:118,1
DA:119,1
DA:120,1
DA:121,1
DA:123,1
DA:124,1
DA:125,1
DA:129,0
DA:130,0
DA:140,0
DA:141,0
DA:142,0
DA:143,0
DA:147,2
DA:149,2
DA:156,0
DA:166,1
DA:167,1
DA:169,1
DA:170,1
DA:172,1
DA:173,1
DA:174,1
DA:175,1
DA:176,1
DA:184,1
DA:185,1
DA:188,1
DA:191,3
DA:198,1
DA:199,1
DA:201,2
DA:208,1
DA:209,1
DA:210,1
DA:211,1
DA:212,1
DA:213,1
DA:215,1
DA:216,1
DA:217,1
DA:218,0
DA:219,0
DA:220,0
DA:221,0
DA:223,0
DA:225,0
DA:227,0
DA:230,2
LF:103
LH:81
end_of_record
SF:lib\screens\authorization\splash_screen.dart
DA:14,4
DA:16,1
DA:17,1
DA:23,1
DA:25,1
DA:28,1
DA:29,1
DA:31,1
DA:32,1
DA:33,1
DA:34,1
DA:35,1
DA:36,1
DA:39,1
DA:41,1
DA:53,1
DA:54,1
DA:55,0
DA:56,0
DA:57,0
DA:62,0
DA:63,0
DA:64,0
DA:65,0
DA:69,1
DA:70,2
DA:71,3
DA:72,3
DA:73,2
DA:74,1
DA:77,1
DA:80,0
LF:32
LH:24
end_of_record
SF:lib\utils\localization.dart
DA:365,0
DA:367,0
DA:369,0
DA:372,0
DA:374,0
DA:377,0
DA:379,0
DA:384,0
DA:385,0
LF:9
LH:0
end_of_record
SF:lib\widgets\theme_manager.dart
DA:6,0
DA:8,1
DA:9,2
DA:12,0
DA:13,0
DA:14,0
DA:17,0
DA:18,0
DA:19,0
LF:9
LH:2
end_of_record
SF:lib\screens\authorization\guided_registration_screen.dart
DA:25,1
DA:27,1
DA:28,1
DA:41,0
DA:43,0
DA:45,0
DA:46,0
DA:47,0
DA:48,0
DA:56,1
DA:58,1
DA:60,1
DA:61,2
DA:64,1
DA:65,1
DA:66,1
DA:67,1
DA:70,3
DA:78,1
DA:79,0
DA:80,0
DA:81,0
DA:82,0
DA:83,0
DA:84,0
DA:85,0
DA:86,0
DA:87,0
DA:88,0
DA:89,0
DA:91,0
DA:92,0
DA:93,0
DA:94,0
DA:95,0
DA:96,0
DA:97,0
DA:98,0
DA:99,0
DA:100,0
DA:104,0
DA:105,0
DA:113,1
DA:114,1
DA:116,1
DA:118,1
DA:120,1
DA:122,1
DA:124,1
DA:130,1
DA:131,1
DA:132,1
DA:133,1
DA:134,1
DA:135,2
DA:138,4
DA:140,1
DA:141,1
DA:142,2
DA:143,2
DA:144,0
DA:145,2
DA:147,0
DA:148,0
DA:149,0
DA:153,1
DA:154,1
DA:155,2
DA:156,2
DA:157,0
DA:158,2
DA:160,0
DA:161,0
DA:162,0
DA:166,1
DA:167,1
DA:168,2
DA:169,2
DA:170,0
DA:171,2
DA:173,0
DA:174,0
DA:175,0
DA:179,1
DA:180,1
DA:181,2
DA:182,2
DA:183,1
DA:185,0
DA:186,0
DA:187,0
DA:191,1
DA:192,1
DA:193,2
DA:194,2
DA:195,1
DA:197,0
DA:198,0
DA:199,0
LF:99
LH:52
end_of_record
SF:lib\screens\home_screen.dart
DA:32,3
DA:33,4
DA:34,3
DA:35,3
DA:37,3
DA:39,3
DA:42,1
DA:46,1
DA:47,1
DA:54,1
DA:56,1
DA:57,1
DA:58,1
DA:59,1
DA:60,1
DA:62,1
DA:65,1
DA:66,2
DA:68,0
DA:70,0
DA:73,1
DA:77,1
DA:78,2
DA:80,0
DA:82,0
DA:87,1
DA:88,3
DA:91,1
DA:92,5
DA:93,5
DA:96,1
DA:98,4
DA:100,1
DA:102,1
DA:103,1
DA:104,2
DA:105,1
DA:106,2
DA:110,1
DA:112,1
DA:116,1
DA:117,1
DA:119,1
DA:120,1
DA:123,1
DA:124,1
DA:130,1
DA:131,1
DA:132,2
DA:133,1
DA:134,2
DA:135,2
DA:142,1
DA:146,1
DA:151,1
DA:152,2
DA:163,1
DA:164,1
DA:166,2
DA:171,1
DA:174,1
DA:176,2
DA:181,1
DA:183,1
DA:186,0
DA:187,2
DA:196,1
DA:197,2
DA:200,1
DA:201,2
DA:202,1
DA:206,1
DA:208,1
DA:209,1
DA:210,3
DA:213,1
DA:215,1
DA:216,1
DA:218,1
DA:221,4
DA:228,1
DA:229,1
DA:230,1
DA:231,3
DA:232,1
DA:234,4
DA:238,0
DA:240,0
DA:242,0
DA:243,0
DA:244,0
DA:245,0
DA:246,0
DA:249,0
DA:251,0
DA:254,0
DA:256,0
DA:257,0
DA:258,0
DA:260,0
DA:263,0
DA:265,0
DA:266,0
DA:267,0
DA:268,0
DA:269,0
DA:270,0
DA:271,0
DA:272,0
DA:277,2
DA:278,1
DA:279,1
DA:281,1
DA:282,1
DA:285,1
DA:287,1
DA:288,1
DA:291,1
DA:292,1
DA:295,1
DA:296,1
DA:299,1
DA:301,1
DA:302,1
DA:309,2
DA:311,1
DA:313,1
DA:314,1
DA:315,3
DA:318,1
DA:320,1
DA:321,1
DA:323,1
DA:326,4
DA:331,1
DA:332,1
DA:333,1
DA:334,2
DA:335,1
DA:338,4
DA:343,1
DA:344,1
DA:346,1
DA:347,4
DA:363,0
DA:364,0
DA:367,1
DA:368,3
DA:370,1
DA:371,0
DA:373,0
DA:374,0
DA:375,0
DA:376,0
DA:377,0
DA:380,1
DA:382,1
DA:383,4
DA:384,3
DA:385,1
DA:391,0
DA:398,0
LF:162
LH:124
end_of_record
SF:lib\utils\responsive_layout.dart
DA:8,1
DA:15,1
DA:17,1
DA:18,1
DA:19,2
DA:20,0
DA:21,2
DA:22,1
DA:24,0
LF:9
LH:7
end_of_record
SF:lib\widgets\mono_dropdown.dart
DA:15,1
DA:18,1
DA:19,1
DA:23,0
DA:24,0
DA:25,0
DA:26,0
DA:31,1
DA:33,1
DA:35,1
DA:38,0
DA:39,0
DA:40,0
DA:41,0
DA:42,0
DA:43,0
DA:56,0
DA:57,0
DA:58,0
DA:59,0
DA:63,0
DA:65,1
DA:66,1
DA:68,1
DA:70,3
DA:73,2
DA:75,3
DA:77,3
LF:28
LH:13
end_of_record
SF:lib\widgets\multi_dropdown.dart
DA:16,1
DA:20,1
DA:21,1
DA:27,1
DA:29,1
DA:30,1
DA:32,3
DA:37,2
DA:40,1
DA:41,2
DA:42,3
DA:44,3
DA:45,3
DA:49,6
DA:50,0
DA:51,0
DA:52,0
DA:54,1
DA:57,0
DA:58,0
DA:59,0
DA:61,0
LF:22
LH:15
end_of_record
SF:lib\widgets\my_text_field.dart
DA:9,1
DA:13,1
DA:15,1
DA:17,1
DA:18,1
DA:19,1
DA:22,1
DA:23,1
DA:25,1
DA:27,3
DA:30,1
DA:32,3
DA:35,2
LF:13
LH:13
end_of_record
SF:lib\utils\backend\misc_backend.dart
DA:3,6
DA:8,1
DA:9,3
DA:12,0
DA:13,0
DA:14,0
DA:16,0
DA:17,0
DA:18,0
DA:20,0
LF:10
LH:3
end_of_record
SF:lib\screens\authorization\pre_login_screen.dart
DA:11,6
DA:13,1
DA:14,1
DA:18,1
DA:20,1
DA:21,1
DA:22,1
DA:23,1
DA:24,1
DA:26,1
DA:28,1
DA:31,1
DA:32,1
DA:35,1
DA:36,1
DA:39,1
DA:40,1
DA:41,1
DA:42,1
DA:49,0
DA:50,0
DA:52,0
DA:53,0
DA:58,1
DA:59,1
DA:60,1
DA:63,1
DA:64,1
DA:65,1
DA:66,1
DA:67,1
DA:68,1
DA:70,1
DA:77,0
DA:78,0
DA:80,0
DA:81,0
LF:37
LH:29
end_of_record
SF:lib\screens\authorization\sign_in_screen.dart
DA:17,4
DA:19,1
DA:20,1
DA:29,0
DA:30,0
DA:31,0
DA:34,0
DA:35,0
DA:36,0
DA:37,0
DA:39,0
DA:40,0
DA:41,0
DA:42,0
DA:43,0
DA:45,0
DA:49,0
DA:50,0
DA:51,0
DA:52,0
DA:53,0
DA:54,0
DA:59,1
DA:61,1
DA:62,1
DA:63,1
DA:65,1
DA:67,1
DA:69,1
DA:71,1
DA:73,1
DA:79,1
DA:80,1
DA:81,1
DA:82,1
DA:84,1
DA:86,1
DA:91,1
DA:93,1
DA:94,1
DA:98,1
DA:99,1
DA:101,1
DA:103,4
DA:106,2
DA:108,4
DA:113,1
DA:115,1
DA:116,1
DA:120,1
DA:121,1
DA:122,1
DA:124,1
DA:126,4
DA:131,4
DA:134,4
DA:136,1
DA:137,1
DA:138,0
DA:139,0
DA:140,0
DA:145,0
DA:146,0
DA:147,0
DA:148,0
DA:156,1
DA:157,1
DA:158,1
DA:161,1
DA:162,1
DA:165,1
DA:166,1
DA:168,1
DA:175,0
DA:176,0
LF:75
LH:47
end_of_record
SF:lib\screens\authorization\sign_up_screen.dart
DA:13,4
DA:15,1
DA:16,1
DA:24,1
DA:26,1
DA:27,1
DA:28,1
DA:30,1
DA:32,1
DA:34,1
DA:36,1
DA:38,1
DA:44,1
DA:45,1
DA:46,1
DA:47,1
DA:49,1
DA:51,1
DA:56,1
DA:58,1
DA:59,1
DA:63,1
DA:64,1
DA:66,1
DA:68,4
DA:71,2
DA:72,1
DA:73,3
DA:78,1
DA:80,1
DA:81,1
DA:85,1
DA:86,1
DA:87,1
DA:89,1
DA:91,4
DA:95,1
DA:96,3
DA:98,1
DA:99,3
DA:101,1
DA:102,1
DA:103,0
DA:104,0
DA:105,0
DA:110,0
DA:111,0
DA:112,0
DA:113,0
DA:121,1
DA:122,1
DA:123,1
DA:124,1
DA:127,1
DA:128,1
DA:131,1
DA:132,1
DA:133,2
DA:134,1
DA:146,0
DA:147,0
DA:148,0
DA:149,0
DA:150,0
DA:155,0
DA:156,0
DA:157,0
DA:158,0
DA:159,0
DA:160,0
DA:162,0
DA:164,0
DA:168,0
DA:169,0
DA:170,0
DA:171,0
DA:172,0
LF:77
LH:52
end_of_record
SF:lib\screens\profile\profile_screen.dart
DA:14,1
DA:16,1
DA:18,1
DA:19,1
DA:21,1
DA:22,1
DA:23,1
DA:24,1
DA:25,4
DA:26,1
DA:27,1
DA:28,2
DA:35,1
DA:36,1
DA:38,3
DA:44,2
DA:45,3
DA:46,2
DA:47,3
DA:51,1
DA:53,2
DA:54,1
DA:55,1
DA:56,1
DA:57,1
DA:58,1
DA:59,4
DA:60,1
DA:61,1
DA:62,1
DA:63,2
DA:71,1
DA:72,1
DA:74,3
DA:82,1
DA:84,1
DA:85,1
DA:86,2
DA:87,3
DA:88,2
DA:89,3
DA:95,1
DA:97,2
DA:98,1
DA:99,1
DA:100,1
DA:101,1
DA:102,1
DA:103,4
DA:104,1
DA:105,1
DA:106,1
DA:107,2
DA:115,1
DA:116,1
DA:118,3
DA:126,1
DA:128,1
DA:129,1
DA:130,2
DA:131,3
DA:132,2
DA:133,3
DA:141,1
DA:142,1
DA:144,1
DA:151,1
DA:152,1
DA:154,1
DA:157,1
LF:70
LH:70
end_of_record
SF:lib\screens\profile\profile_settings_screen.dart
DA:24,1
DA:26,1
DA:27,1
DA:31,3
DA:32,2
DA:43,1
DA:45,1
DA:46,4
DA:47,4
DA:48,4
DA:49,4
DA:50,4
DA:53,1
DA:55,1
DA:56,1
DA:58,1
DA:59,2
DA:62,1
DA:64,1
DA:65,1
DA:67,1
DA:70,3
DA:75,1
DA:78,1
DA:79,1
DA:81,0
DA:82,0
DA:83,0
DA:84,0
DA:85,0
DA:87,0
DA:88,0
DA:93,2
DA:109,1
DA:110,1
DA:112,1
DA:114,1
DA:116,1
DA:118,1
DA:120,1
DA:126,1
DA:127,1
DA:128,1
DA:129,1
DA:130,3
DA:131,3
DA:132,1
DA:133,0
DA:134,0
DA:135,0
DA:136,0
DA:137,0
DA:141,1
DA:142,1
DA:143,3
DA:144,2
DA:145,2
DA:147,0
DA:148,0
DA:149,0
DA:154,1
DA:155,1
DA:156,1
DA:157,1
DA:158,4
DA:159,3
DA:160,0
DA:164,1
DA:165,1
DA:166,1
DA:167,9
DA:168,4
DA:169,0
DA:173,1
DA:174,1
DA:175,1
DA:176,2
DA:177,1
DA:179,0
DA:180,0
DA:181,0
DA:186,1
DA:187,1
DA:188,1
DA:189,2
DA:190,1
DA:192,0
DA:193,0
DA:194,0
DA:199,1
DA:200,1
DA:201,1
DA:202,2
DA:203,1
DA:205,0
DA:206,0
DA:207,0
DA:212,1
DA:213,1
DA:214,1
DA:215,2
DA:216,2
DA:217,1
DA:219,0
DA:220,0
DA:221,0
DA:226,1
DA:227,1
DA:228,1
DA:229,2
DA:230,2
DA:231,1
DA:233,0
DA:234,0
DA:235,0
DA:240,1
DA:241,1
DA:242,3
DA:244,3
DA:246,0
DA:247,0
DA:248,0
DA:253,1
DA:254,1
DA:255,3
DA:256,3
DA:257,1
DA:261,1
DA:263,0
DA:264,0
DA:265,0
DA:266,0
DA:267,0
DA:276,1
DA:277,1
DA:278,1
DA:280,2
DA:286,0
DA:287,0
DA:288,0
DA:289,0
DA:296,0
DA:297,0
DA:298,0
DA:300,0
DA:301,0
DA:302,0
DA:304,0
DA:305,0
DA:306,0
DA:314,0
DA:315,0
DA:316,0
DA:317,0
DA:318,0
DA:327,0
DA:328,0
DA:329,0
DA:347,0
DA:348,0
DA:349,0
DA:350,0
DA:352,0
DA:353,0
DA:355,0
DA:356,0
DA:358,0
DA:359,0
DA:361,0
DA:362,0
DA:365,0
DA:366,0
DA:367,0
DA:368,0
DA:371,0
DA:372,0
DA:375,0
DA:376,0
DA:377,0
DA:383,0
DA:384,0
DA:385,0
DA:386,0
DA:388,0
DA:389,0
DA:391,0
DA:392,0
DA:394,0
DA:395,0
DA:397,0
DA:398,0
DA:400,0
DA:401,0
DA:403,0
DA:404,0
DA:405,0
DA:406,0
DA:409,0
LF:198
LH:97
end_of_record
SF:lib\screens\search\profile_search_screen.dart
DA:23,3
DA:25,1
DA:26,1
DA:34,1
DA:36,1
DA:37,2
DA:38,0
DA:39,0
DA:40,0
DA:44,1
DA:46,1
DA:47,1
DA:48,2
DA:51,1
DA:53,1
DA:54,1
DA:56,1
DA:59,3
DA:64,1
DA:65,1
DA:67,2
DA:71,1
DA:87,1
DA:93,1
DA:111,1
DA:112,1
DA:114,1
DA:116,1
DA:118,1
DA:120,1
DA:122,1
DA:128,1
DA:129,1
DA:130,1
DA:131,1
DA:132,1
DA:133,2
DA:134,2
DA:135,2
DA:137,0
DA:138,0
DA:139,0
DA:143,1
DA:144,1
DA:145,2
DA:146,2
DA:147,2
DA:149,0
DA:150,0
DA:151,0
DA:155,1
DA:156,1
DA:157,2
DA:158,2
DA:159,2
DA:161,0
DA:162,0
DA:163,0
DA:167,1
DA:168,1
DA:169,2
DA:170,2
DA:171,2
DA:173,0
DA:174,0
DA:175,0
DA:179,1
DA:180,1
DA:181,2
DA:182,3
DA:183,0
DA:184,2
DA:186,0
DA:187,0
DA:188,0
DA:192,1
DA:194,1
DA:196,1
DA:197,1
DA:199,1
DA:201,4
DA:204,2
DA:206,4
DA:213,1
DA:216,1
DA:220,1
DA:221,4
DA:222,4
DA:224,0
DA:225,0
DA:226,0
DA:227,0
DA:228,0
DA:236,0
DA:237,0
DA:238,0
DA:239,0
DA:240,0
DA:245,0
DA:246,0
DA:249,1
DA:250,1
DA:251,1
DA:253,1
DA:255,2
DA:256,0
DA:257,0
DA:258,0
DA:259,0
DA:260,0
DA:261,0
DA:262,0
DA:265,0
DA:269,1
DA:270,1
DA:272,1
DA:274,2
DA:275,0
DA:276,0
DA:277,0
DA:278,0
DA:279,0
DA:284,1
DA:286,1
DA:288,2
DA:289,0
DA:290,0
DA:291,0
DA:292,0
DA:293,0
DA:294,0
DA:295,0
DA:296,0
DA:302,0
DA:303,0
DA:305,0
DA:307,0
DA:310,0
DA:311,0
DA:312,0
DA:317,0
DA:318,0
DA:319,0
DA:320,0
DA:321,0
DA:324,0
DA:325,0
DA:326,0
DA:327,0
DA:328,0
DA:329,0
DA:330,0
DA:331,0
DA:332,0
DA:333,0
DA:335,0
DA:336,0
DA:338,0
DA:341,0
DA:342,0
DA:343,0
DA:344,0
DA:345,0
DA:346,0
DA:347,0
DA:348,0
DA:349,0
DA:352,0
DA:354,0
DA:355,0
DA:356,0
DA:365,1
DA:367,1
DA:369,2
DA:370,0
DA:371,0
DA:372,0
DA:373,0
DA:378,0
DA:379,0
DA:381,0
DA:383,0
DA:384,0
DA:386,0
DA:387,0
DA:388,0
DA:391,0
DA:392,0
DA:393,0
DA:394,0
DA:399,0
DA:401,0
DA:403,0
DA:404,0
DA:405,0
DA:406,0
DA:407,0
DA:408,0
DA:411,0
DA:412,0
DA:413,0
DA:414,0
DA:419,0
DA:421,0
DA:423,0
DA:424,0
DA:425,0
DA:426,0
DA:427,0
DA:428,0
DA:431,0
DA:432,0
DA:433,0
DA:434,0
DA:444,0
DA:445,0
DA:446,0
DA:447,0
DA:448,0
DA:449,0
DA:450,0
DA:451,0
DA:452,0
DA:453,0
DA:455,0
DA:457,0
DA:459,0
DA:461,0
DA:462,0
DA:463,0
DA:464,0
DA:468,0
LF:232
LH:84
end_of_record
SF:lib\screens\profile\profile_overview.dart
DA:8,1
DA:10,1
DA:12,1
DA:13,1
DA:14,2
DA:17,1
DA:18,1
DA:20,3
DA:24,0
DA:27,2
LF:10
LH:9
end_of_record
SF:lib\screens\search\result_search_screen.dart
DA:20,1
DA:22,1
DA:23,1
DA:29,1
DA:31,1
DA:32,1
DA:33,2
DA:36,1
DA:37,1
DA:39,3
DA:43,0
DA:45,1
DA:47,1
DA:50,3
DA:56,1
DA:57,3
DA:58,1
DA:59,1
DA:60,1
DA:62,1
DA:63,1
DA:65,1
DA:66,1
DA:68,1
DA:75,1
DA:76,1
DA:77,1
DA:78,1
DA:81,1
DA:82,1
DA:83,1
DA:84,5
DA:85,4
DA:86,0
DA:87,0
DA:88,0
DA:89,0
DA:90,0
DA:91,0
DA:92,0
DA:93,0
DA:98,1
DA:99,1
DA:100,1
DA:101,1
DA:103,1
DA:104,1
DA:105,5
DA:113,1
DA:114,4
DA:115,1
DA:118,1
DA:120,1
DA:124,5
DA:125,4
DA:134,0
DA:135,0
DA:136,0
DA:137,0
DA:138,0
DA:139,0
DA:140,0
DA:146,0
DA:147,0
DA:149,0
DA:151,0
DA:154,0
DA:156,0
DA:162,0
DA:163,0
DA:164,0
DA:165,0
DA:166,0
DA:167,0
DA:168,0
DA:169,0
DA:170,0
DA:171,0
DA:174,0
DA:176,0
DA:177,0
DA:181,0
DA:182,0
DA:191,0
DA:192,0
DA:195,0
LF:86
LH:46
end_of_record
